<?xml version="1.0" encoding="UTF-8"?>
<testsuite xmlns:xsi="http://www.w3.org/2001/XMLSchema-instance" xsi:noNamespaceSchemaLocation="https://maven.apache.org/surefire/maven-surefire-plugin/xsd/surefire-test-report.xsd" name="com.itsz.springboot.tdd.util.MathUtilTest" time="0.683" tests="507" errors="0" skipped="0" failures="0">
  <properties>
    <property name="sun.desktop" value="windows"/>
    <property name="awt.toolkit" value="sun.awt.windows.WToolkit"/>
    <property name="file.encoding.pkg" value="sun.io"/>
    <property name="java.specification.version" value="1.8"/>
    <property name="sun.cpu.isalist" value="amd64"/>
    <property name="sun.jnu.encoding" value="GBK"/>
    <property name="java.class.path" value="D:\Jeremy\github\spring-boot-all\spring-boot-tdd\target\test-classes;D:\Jeremy\github\spring-boot-all\spring-boot-tdd\target\classes;C:\Users\Jeremy_Zhou\.m2\repository\org\springframework\boot\spring-boot-starter-web\2.2.5.RELEASE\spring-boot-starter-web-2.2.5.RELEASE.jar;C:\Users\Jeremy_Zhou\.m2\repository\org\springframework\boot\spring-boot-starter\2.2.5.RELEASE\spring-boot-starter-2.2.5.RELEASE.jar;C:\Users\Jeremy_Zhou\.m2\repository\org\springframework\boot\spring-boot\2.2.5.RELEASE\spring-boot-2.2.5.RELEASE.jar;C:\Users\Jeremy_Zhou\.m2\repository\org\springframework\boot\spring-boot-autoconfigure\2.2.5.RELEASE\spring-boot-autoconfigure-2.2.5.RELEASE.jar;C:\Users\Jeremy_Zhou\.m2\repository\org\springframework\boot\spring-boot-starter-logging\2.2.5.RELEASE\spring-boot-starter-logging-2.2.5.RELEASE.jar;C:\Users\Jeremy_Zhou\.m2\repository\ch\qos\logback\logback-classic\1.2.3\logback-classic-1.2.3.jar;C:\Users\Jeremy_Zhou\.m2\repository\ch\qos\logback\logback-core\1.2.3\logback-core-1.2.3.jar;C:\Users\Jeremy_Zhou\.m2\repository\org\apache\logging\log4j\log4j-to-slf4j\2.12.1\log4j-to-slf4j-2.12.1.jar;C:\Users\Jeremy_Zhou\.m2\repository\org\apache\logging\log4j\log4j-api\2.12.1\log4j-api-2.12.1.jar;C:\Users\Jeremy_Zhou\.m2\repository\org\slf4j\jul-to-slf4j\1.7.30\jul-to-slf4j-1.7.30.jar;C:\Users\Jeremy_Zhou\.m2\repository\jakarta\annotation\jakarta.annotation-api\1.3.5\jakarta.annotation-api-1.3.5.jar;C:\Users\Jeremy_Zhou\.m2\repository\org\yaml\snakeyaml\1.25\snakeyaml-1.25.jar;C:\Users\Jeremy_Zhou\.m2\repository\org\springframework\boot\spring-boot-starter-json\2.2.5.RELEASE\spring-boot-starter-json-2.2.5.RELEASE.jar;C:\Users\Jeremy_Zhou\.m2\repository\com\fasterxml\jackson\core\jackson-databind\2.10.2\jackson-databind-2.10.2.jar;C:\Users\Jeremy_Zhou\.m2\repository\com\fasterxml\jackson\core\jackson-annotations\2.10.2\jackson-annotations-2.10.2.jar;C:\Users\Jeremy_Zhou\.m2\repository\com\fasterxml\jackson\core\jackson-core\2.10.2\jackson-core-2.10.2.jar;C:\Users\Jeremy_Zhou\.m2\repository\com\fasterxml\jackson\datatype\jackson-datatype-jdk8\2.10.2\jackson-datatype-jdk8-2.10.2.jar;C:\Users\Jeremy_Zhou\.m2\repository\com\fasterxml\jackson\datatype\jackson-datatype-jsr310\2.10.2\jackson-datatype-jsr310-2.10.2.jar;C:\Users\Jeremy_Zhou\.m2\repository\com\fasterxml\jackson\module\jackson-module-parameter-names\2.10.2\jackson-module-parameter-names-2.10.2.jar;C:\Users\Jeremy_Zhou\.m2\repository\org\springframework\boot\spring-boot-starter-tomcat\2.2.5.RELEASE\spring-boot-starter-tomcat-2.2.5.RELEASE.jar;C:\Users\Jeremy_Zhou\.m2\repository\org\apache\tomcat\embed\tomcat-embed-core\9.0.31\tomcat-embed-core-9.0.31.jar;C:\Users\Jeremy_Zhou\.m2\repository\org\apache\tomcat\embed\tomcat-embed-el\9.0.31\tomcat-embed-el-9.0.31.jar;C:\Users\Jeremy_Zhou\.m2\repository\org\apache\tomcat\embed\tomcat-embed-websocket\9.0.31\tomcat-embed-websocket-9.0.31.jar;C:\Users\Jeremy_Zhou\.m2\repository\org\springframework\boot\spring-boot-starter-validation\2.2.5.RELEASE\spring-boot-starter-validation-2.2.5.RELEASE.jar;C:\Users\Jeremy_Zhou\.m2\repository\jakarta\validation\jakarta.validation-api\2.0.2\jakarta.validation-api-2.0.2.jar;C:\Users\Jeremy_Zhou\.m2\repository\org\hibernate\validator\hibernate-validator\6.0.18.Final\hibernate-validator-6.0.18.Final.jar;C:\Users\Jeremy_Zhou\.m2\repository\org\springframework\spring-web\5.2.4.RELEASE\spring-web-5.2.4.RELEASE.jar;C:\Users\Jeremy_Zhou\.m2\repository\org\springframework\spring-beans\5.2.4.RELEASE\spring-beans-5.2.4.RELEASE.jar;C:\Users\Jeremy_Zhou\.m2\repository\org\springframework\spring-webmvc\5.2.4.RELEASE\spring-webmvc-5.2.4.RELEASE.jar;C:\Users\Jeremy_Zhou\.m2\repository\org\springframework\spring-aop\5.2.4.RELEASE\spring-aop-5.2.4.RELEASE.jar;C:\Users\Jeremy_Zhou\.m2\repository\org\springframework\spring-context\5.2.4.RELEASE\spring-context-5.2.4.RELEASE.jar;C:\Users\Jeremy_Zhou\.m2\repository\org\springframework\spring-expression\5.2.4.RELEASE\spring-expression-5.2.4.RELEASE.jar;C:\Users\Jeremy_Zhou\.m2\repository\org\springframework\boot\spring-boot-starter-data-jpa\2.2.5.RELEASE\spring-boot-starter-data-jpa-2.2.5.RELEASE.jar;C:\Users\Jeremy_Zhou\.m2\repository\org\springframework\boot\spring-boot-starter-aop\2.2.5.RELEASE\spring-boot-starter-aop-2.2.5.RELEASE.jar;C:\Users\Jeremy_Zhou\.m2\repository\org\aspectj\aspectjweaver\1.9.5\aspectjweaver-1.9.5.jar;C:\Users\Jeremy_Zhou\.m2\repository\org\springframework\boot\spring-boot-starter-jdbc\2.2.5.RELEASE\spring-boot-starter-jdbc-2.2.5.RELEASE.jar;C:\Users\Jeremy_Zhou\.m2\repository\com\zaxxer\HikariCP\3.4.2\HikariCP-3.4.2.jar;C:\Users\Jeremy_Zhou\.m2\repository\org\springframework\spring-jdbc\5.2.4.RELEASE\spring-jdbc-5.2.4.RELEASE.jar;C:\Users\Jeremy_Zhou\.m2\repository\jakarta\activation\jakarta.activation-api\1.2.2\jakarta.activation-api-1.2.2.jar;C:\Users\Jeremy_Zhou\.m2\repository\jakarta\persistence\jakarta.persistence-api\2.2.3\jakarta.persistence-api-2.2.3.jar;C:\Users\Jeremy_Zhou\.m2\repository\jakarta\transaction\jakarta.transaction-api\1.3.3\jakarta.transaction-api-1.3.3.jar;C:\Users\Jeremy_Zhou\.m2\repository\org\hibernate\hibernate-core\5.4.12.Final\hibernate-core-5.4.12.Final.jar;C:\Users\Jeremy_Zhou\.m2\repository\org\jboss\logging\jboss-logging\3.4.1.Final\jboss-logging-3.4.1.Final.jar;C:\Users\Jeremy_Zhou\.m2\repository\org\javassist\javassist\3.24.0-GA\javassist-3.24.0-GA.jar;C:\Users\Jeremy_Zhou\.m2\repository\net\bytebuddy\byte-buddy\1.10.8\byte-buddy-1.10.8.jar;C:\Users\Jeremy_Zhou\.m2\repository\antlr\antlr\2.7.7\antlr-2.7.7.jar;C:\Users\Jeremy_Zhou\.m2\repository\org\jboss\jandex\2.1.1.Final\jandex-2.1.1.Final.jar;C:\Users\Jeremy_Zhou\.m2\repository\com\fasterxml\classmate\1.5.1\classmate-1.5.1.jar;C:\Users\Jeremy_Zhou\.m2\repository\org\dom4j\dom4j\2.1.1\dom4j-2.1.1.jar;C:\Users\Jeremy_Zhou\.m2\repository\org\hibernate\common\hibernate-commons-annotations\5.1.0.Final\hibernate-commons-annotations-5.1.0.Final.jar;C:\Users\Jeremy_Zhou\.m2\repository\org\glassfish\jaxb\jaxb-runtime\2.3.2\jaxb-runtime-2.3.2.jar;C:\Users\Jeremy_Zhou\.m2\repository\org\glassfish\jaxb\txw2\2.3.2\txw2-2.3.2.jar;C:\Users\Jeremy_Zhou\.m2\repository\com\sun\istack\istack-commons-runtime\3.0.8\istack-commons-runtime-3.0.8.jar;C:\Users\Jeremy_Zhou\.m2\repository\org\jvnet\staxex\stax-ex\1.8.1\stax-ex-1.8.1.jar;C:\Users\Jeremy_Zhou\.m2\repository\com\sun\xml\fastinfoset\FastInfoset\1.2.16\FastInfoset-1.2.16.jar;C:\Users\Jeremy_Zhou\.m2\repository\org\springframework\data\spring-data-jpa\2.2.5.RELEASE\spring-data-jpa-2.2.5.RELEASE.jar;C:\Users\Jeremy_Zhou\.m2\repository\org\springframework\data\spring-data-commons\2.2.5.RELEASE\spring-data-commons-2.2.5.RELEASE.jar;C:\Users\Jeremy_Zhou\.m2\repository\org\springframework\spring-orm\5.2.4.RELEASE\spring-orm-5.2.4.RELEASE.jar;C:\Users\Jeremy_Zhou\.m2\repository\org\springframework\spring-tx\5.2.4.RELEASE\spring-tx-5.2.4.RELEASE.jar;C:\Users\Jeremy_Zhou\.m2\repository\org\slf4j\slf4j-api\1.7.30\slf4j-api-1.7.30.jar;C:\Users\Jeremy_Zhou\.m2\repository\org\springframework\spring-aspects\5.2.4.RELEASE\spring-aspects-5.2.4.RELEASE.jar;C:\Users\Jeremy_Zhou\.m2\repository\org\springframework\boot\spring-boot-starter-test\2.2.5.RELEASE\spring-boot-starter-test-2.2.5.RELEASE.jar;C:\Users\Jeremy_Zhou\.m2\repository\org\springframework\boot\spring-boot-test\2.2.5.RELEASE\spring-boot-test-2.2.5.RELEASE.jar;C:\Users\Jeremy_Zhou\.m2\repository\org\springframework\boot\spring-boot-test-autoconfigure\2.2.5.RELEASE\spring-boot-test-autoconfigure-2.2.5.RELEASE.jar;C:\Users\Jeremy_Zhou\.m2\repository\com\jayway\jsonpath\json-path\2.4.0\json-path-2.4.0.jar;C:\Users\Jeremy_Zhou\.m2\repository\net\minidev\json-smart\2.3\json-smart-2.3.jar;C:\Users\Jeremy_Zhou\.m2\repository\net\minidev\accessors-smart\1.2\accessors-smart-1.2.jar;C:\Users\Jeremy_Zhou\.m2\repository\org\ow2\asm\asm\5.0.4\asm-5.0.4.jar;C:\Users\Jeremy_Zhou\.m2\repository\jakarta\xml\bind\jakarta.xml.bind-api\2.3.2\jakarta.xml.bind-api-2.3.2.jar;C:\Users\Jeremy_Zhou\.m2\repository\org\junit\jupiter\junit-jupiter\5.5.2\junit-jupiter-5.5.2.jar;C:\Users\Jeremy_Zhou\.m2\repository\org\junit\jupiter\junit-jupiter-api\5.5.2\junit-jupiter-api-5.5.2.jar;C:\Users\Jeremy_Zhou\.m2\repository\org\opentest4j\opentest4j\1.2.0\opentest4j-1.2.0.jar;C:\Users\Jeremy_Zhou\.m2\repository\org\junit\platform\junit-platform-commons\1.5.2\junit-platform-commons-1.5.2.jar;C:\Users\Jeremy_Zhou\.m2\repository\org\junit\jupiter\junit-jupiter-params\5.5.2\junit-jupiter-params-5.5.2.jar;C:\Users\Jeremy_Zhou\.m2\repository\org\junit\jupiter\junit-jupiter-engine\5.5.2\junit-jupiter-engine-5.5.2.jar;C:\Users\Jeremy_Zhou\.m2\repository\org\junit\vintage\junit-vintage-engine\5.5.2\junit-vintage-engine-5.5.2.jar;C:\Users\Jeremy_Zhou\.m2\repository\org\apiguardian\apiguardian-api\1.1.0\apiguardian-api-1.1.0.jar;C:\Users\Jeremy_Zhou\.m2\repository\org\junit\platform\junit-platform-engine\1.5.2\junit-platform-engine-1.5.2.jar;C:\Users\Jeremy_Zhou\.m2\repository\junit\junit\4.12\junit-4.12.jar;C:\Users\Jeremy_Zhou\.m2\repository\org\mockito\mockito-junit-jupiter\3.1.0\mockito-junit-jupiter-3.1.0.jar;C:\Users\Jeremy_Zhou\.m2\repository\org\assertj\assertj-core\3.13.2\assertj-core-3.13.2.jar;C:\Users\Jeremy_Zhou\.m2\repository\org\hamcrest\hamcrest\2.1\hamcrest-2.1.jar;C:\Users\Jeremy_Zhou\.m2\repository\org\mockito\mockito-core\3.1.0\mockito-core-3.1.0.jar;C:\Users\Jeremy_Zhou\.m2\repository\net\bytebuddy\byte-buddy-agent\1.10.8\byte-buddy-agent-1.10.8.jar;C:\Users\Jeremy_Zhou\.m2\repository\org\objenesis\objenesis\2.6\objenesis-2.6.jar;C:\Users\Jeremy_Zhou\.m2\repository\org\skyscreamer\jsonassert\1.5.0\jsonassert-1.5.0.jar;C:\Users\Jeremy_Zhou\.m2\repository\com\vaadin\external\google\android-json\0.0.20131108.vaadin1\android-json-0.0.20131108.vaadin1.jar;C:\Users\Jeremy_Zhou\.m2\repository\org\springframework\spring-core\5.2.4.RELEASE\spring-core-5.2.4.RELEASE.jar;C:\Users\Jeremy_Zhou\.m2\repository\org\springframework\spring-jcl\5.2.4.RELEASE\spring-jcl-5.2.4.RELEASE.jar;C:\Users\Jeremy_Zhou\.m2\repository\org\springframework\spring-test\5.2.4.RELEASE\spring-test-5.2.4.RELEASE.jar;C:\Users\Jeremy_Zhou\.m2\repository\org\xmlunit\xmlunit-core\2.6.3\xmlunit-core-2.6.3.jar;C:\Users\Jeremy_Zhou\.m2\repository\com\h2database\h2\1.4.200\h2-1.4.200.jar;"/>
    <property name="java.vm.vendor" value="Amazon.com Inc."/>
    <property name="sun.arch.data.model" value="64"/>
    <property name="user.variant" value=""/>
    <property name="java.vendor.url" value="https://aws.amazon.com/corretto/"/>
    <property name="user.timezone" value="Asia/Shanghai"/>
    <property name="java.vm.specification.version" value="1.8"/>
    <property name="os.name" value="Windows 10"/>
    <property name="user.country" value="US"/>
    <property name="sun.java.launcher" value="SUN_STANDARD"/>
    <property name="sun.boot.library.path" value="C:\Program Files\Amazon Corretto\jdk1.8.0_242\jre\bin"/>
    <property name="sun.java.command" value="C:\Users\JEREMY~1\AppData\Local\Temp\surefire6250812897804540105\surefirebooter2451531224202730887.jar C:\Users\Jeremy_Zhou\AppData\Local\Temp\surefire6250812897804540105 2020-06-08T17-58-44_712-jvmRun1 surefire4700764379916422643tmp surefire_0115335064602451237tmp"/>
    <property name="surefire.test.class.path" value="D:\Jeremy\github\spring-boot-all\spring-boot-tdd\target\test-classes;D:\Jeremy\github\spring-boot-all\spring-boot-tdd\target\classes;C:\Users\Jeremy_Zhou\.m2\repository\org\springframework\boot\spring-boot-starter-web\2.2.5.RELEASE\spring-boot-starter-web-2.2.5.RELEASE.jar;C:\Users\Jeremy_Zhou\.m2\repository\org\springframework\boot\spring-boot-starter\2.2.5.RELEASE\spring-boot-starter-2.2.5.RELEASE.jar;C:\Users\Jeremy_Zhou\.m2\repository\org\springframework\boot\spring-boot\2.2.5.RELEASE\spring-boot-2.2.5.RELEASE.jar;C:\Users\Jeremy_Zhou\.m2\repository\org\springframework\boot\spring-boot-autoconfigure\2.2.5.RELEASE\spring-boot-autoconfigure-2.2.5.RELEASE.jar;C:\Users\Jeremy_Zhou\.m2\repository\org\springframework\boot\spring-boot-starter-logging\2.2.5.RELEASE\spring-boot-starter-logging-2.2.5.RELEASE.jar;C:\Users\Jeremy_Zhou\.m2\repository\ch\qos\logback\logback-classic\1.2.3\logback-classic-1.2.3.jar;C:\Users\Jeremy_Zhou\.m2\repository\ch\qos\logback\logback-core\1.2.3\logback-core-1.2.3.jar;C:\Users\Jeremy_Zhou\.m2\repository\org\apache\logging\log4j\log4j-to-slf4j\2.12.1\log4j-to-slf4j-2.12.1.jar;C:\Users\Jeremy_Zhou\.m2\repository\org\apache\logging\log4j\log4j-api\2.12.1\log4j-api-2.12.1.jar;C:\Users\Jeremy_Zhou\.m2\repository\org\slf4j\jul-to-slf4j\1.7.30\jul-to-slf4j-1.7.30.jar;C:\Users\Jeremy_Zhou\.m2\repository\jakarta\annotation\jakarta.annotation-api\1.3.5\jakarta.annotation-api-1.3.5.jar;C:\Users\Jeremy_Zhou\.m2\repository\org\yaml\snakeyaml\1.25\snakeyaml-1.25.jar;C:\Users\Jeremy_Zhou\.m2\repository\org\springframework\boot\spring-boot-starter-json\2.2.5.RELEASE\spring-boot-starter-json-2.2.5.RELEASE.jar;C:\Users\Jeremy_Zhou\.m2\repository\com\fasterxml\jackson\core\jackson-databind\2.10.2\jackson-databind-2.10.2.jar;C:\Users\Jeremy_Zhou\.m2\repository\com\fasterxml\jackson\core\jackson-annotations\2.10.2\jackson-annotations-2.10.2.jar;C:\Users\Jeremy_Zhou\.m2\repository\com\fasterxml\jackson\core\jackson-core\2.10.2\jackson-core-2.10.2.jar;C:\Users\Jeremy_Zhou\.m2\repository\com\fasterxml\jackson\datatype\jackson-datatype-jdk8\2.10.2\jackson-datatype-jdk8-2.10.2.jar;C:\Users\Jeremy_Zhou\.m2\repository\com\fasterxml\jackson\datatype\jackson-datatype-jsr310\2.10.2\jackson-datatype-jsr310-2.10.2.jar;C:\Users\Jeremy_Zhou\.m2\repository\com\fasterxml\jackson\module\jackson-module-parameter-names\2.10.2\jackson-module-parameter-names-2.10.2.jar;C:\Users\Jeremy_Zhou\.m2\repository\org\springframework\boot\spring-boot-starter-tomcat\2.2.5.RELEASE\spring-boot-starter-tomcat-2.2.5.RELEASE.jar;C:\Users\Jeremy_Zhou\.m2\repository\org\apache\tomcat\embed\tomcat-embed-core\9.0.31\tomcat-embed-core-9.0.31.jar;C:\Users\Jeremy_Zhou\.m2\repository\org\apache\tomcat\embed\tomcat-embed-el\9.0.31\tomcat-embed-el-9.0.31.jar;C:\Users\Jeremy_Zhou\.m2\repository\org\apache\tomcat\embed\tomcat-embed-websocket\9.0.31\tomcat-embed-websocket-9.0.31.jar;C:\Users\Jeremy_Zhou\.m2\repository\org\springframework\boot\spring-boot-starter-validation\2.2.5.RELEASE\spring-boot-starter-validation-2.2.5.RELEASE.jar;C:\Users\Jeremy_Zhou\.m2\repository\jakarta\validation\jakarta.validation-api\2.0.2\jakarta.validation-api-2.0.2.jar;C:\Users\Jeremy_Zhou\.m2\repository\org\hibernate\validator\hibernate-validator\6.0.18.Final\hibernate-validator-6.0.18.Final.jar;C:\Users\Jeremy_Zhou\.m2\repository\org\springframework\spring-web\5.2.4.RELEASE\spring-web-5.2.4.RELEASE.jar;C:\Users\Jeremy_Zhou\.m2\repository\org\springframework\spring-beans\5.2.4.RELEASE\spring-beans-5.2.4.RELEASE.jar;C:\Users\Jeremy_Zhou\.m2\repository\org\springframework\spring-webmvc\5.2.4.RELEASE\spring-webmvc-5.2.4.RELEASE.jar;C:\Users\Jeremy_Zhou\.m2\repository\org\springframework\spring-aop\5.2.4.RELEASE\spring-aop-5.2.4.RELEASE.jar;C:\Users\Jeremy_Zhou\.m2\repository\org\springframework\spring-context\5.2.4.RELEASE\spring-context-5.2.4.RELEASE.jar;C:\Users\Jeremy_Zhou\.m2\repository\org\springframework\spring-expression\5.2.4.RELEASE\spring-expression-5.2.4.RELEASE.jar;C:\Users\Jeremy_Zhou\.m2\repository\org\springframework\boot\spring-boot-starter-data-jpa\2.2.5.RELEASE\spring-boot-starter-data-jpa-2.2.5.RELEASE.jar;C:\Users\Jeremy_Zhou\.m2\repository\org\springframework\boot\spring-boot-starter-aop\2.2.5.RELEASE\spring-boot-starter-aop-2.2.5.RELEASE.jar;C:\Users\Jeremy_Zhou\.m2\repository\org\aspectj\aspectjweaver\1.9.5\aspectjweaver-1.9.5.jar;C:\Users\Jeremy_Zhou\.m2\repository\org\springframework\boot\spring-boot-starter-jdbc\2.2.5.RELEASE\spring-boot-starter-jdbc-2.2.5.RELEASE.jar;C:\Users\Jeremy_Zhou\.m2\repository\com\zaxxer\HikariCP\3.4.2\HikariCP-3.4.2.jar;C:\Users\Jeremy_Zhou\.m2\repository\org\springframework\spring-jdbc\5.2.4.RELEASE\spring-jdbc-5.2.4.RELEASE.jar;C:\Users\Jeremy_Zhou\.m2\repository\jakarta\activation\jakarta.activation-api\1.2.2\jakarta.activation-api-1.2.2.jar;C:\Users\Jeremy_Zhou\.m2\repository\jakarta\persistence\jakarta.persistence-api\2.2.3\jakarta.persistence-api-2.2.3.jar;C:\Users\Jeremy_Zhou\.m2\repository\jakarta\transaction\jakarta.transaction-api\1.3.3\jakarta.transaction-api-1.3.3.jar;C:\Users\Jeremy_Zhou\.m2\repository\org\hibernate\hibernate-core\5.4.12.Final\hibernate-core-5.4.12.Final.jar;C:\Users\Jeremy_Zhou\.m2\repository\org\jboss\logging\jboss-logging\3.4.1.Final\jboss-logging-3.4.1.Final.jar;C:\Users\Jeremy_Zhou\.m2\repository\org\javassist\javassist\3.24.0-GA\javassist-3.24.0-GA.jar;C:\Users\Jeremy_Zhou\.m2\repository\net\bytebuddy\byte-buddy\1.10.8\byte-buddy-1.10.8.jar;C:\Users\Jeremy_Zhou\.m2\repository\antlr\antlr\2.7.7\antlr-2.7.7.jar;C:\Users\Jeremy_Zhou\.m2\repository\org\jboss\jandex\2.1.1.Final\jandex-2.1.1.Final.jar;C:\Users\Jeremy_Zhou\.m2\repository\com\fasterxml\classmate\1.5.1\classmate-1.5.1.jar;C:\Users\Jeremy_Zhou\.m2\repository\org\dom4j\dom4j\2.1.1\dom4j-2.1.1.jar;C:\Users\Jeremy_Zhou\.m2\repository\org\hibernate\common\hibernate-commons-annotations\5.1.0.Final\hibernate-commons-annotations-5.1.0.Final.jar;C:\Users\Jeremy_Zhou\.m2\repository\org\glassfish\jaxb\jaxb-runtime\2.3.2\jaxb-runtime-2.3.2.jar;C:\Users\Jeremy_Zhou\.m2\repository\org\glassfish\jaxb\txw2\2.3.2\txw2-2.3.2.jar;C:\Users\Jeremy_Zhou\.m2\repository\com\sun\istack\istack-commons-runtime\3.0.8\istack-commons-runtime-3.0.8.jar;C:\Users\Jeremy_Zhou\.m2\repository\org\jvnet\staxex\stax-ex\1.8.1\stax-ex-1.8.1.jar;C:\Users\Jeremy_Zhou\.m2\repository\com\sun\xml\fastinfoset\FastInfoset\1.2.16\FastInfoset-1.2.16.jar;C:\Users\Jeremy_Zhou\.m2\repository\org\springframework\data\spring-data-jpa\2.2.5.RELEASE\spring-data-jpa-2.2.5.RELEASE.jar;C:\Users\Jeremy_Zhou\.m2\repository\org\springframework\data\spring-data-commons\2.2.5.RELEASE\spring-data-commons-2.2.5.RELEASE.jar;C:\Users\Jeremy_Zhou\.m2\repository\org\springframework\spring-orm\5.2.4.RELEASE\spring-orm-5.2.4.RELEASE.jar;C:\Users\Jeremy_Zhou\.m2\repository\org\springframework\spring-tx\5.2.4.RELEASE\spring-tx-5.2.4.RELEASE.jar;C:\Users\Jeremy_Zhou\.m2\repository\org\slf4j\slf4j-api\1.7.30\slf4j-api-1.7.30.jar;C:\Users\Jeremy_Zhou\.m2\repository\org\springframework\spring-aspects\5.2.4.RELEASE\spring-aspects-5.2.4.RELEASE.jar;C:\Users\Jeremy_Zhou\.m2\repository\org\springframework\boot\spring-boot-starter-test\2.2.5.RELEASE\spring-boot-starter-test-2.2.5.RELEASE.jar;C:\Users\Jeremy_Zhou\.m2\repository\org\springframework\boot\spring-boot-test\2.2.5.RELEASE\spring-boot-test-2.2.5.RELEASE.jar;C:\Users\Jeremy_Zhou\.m2\repository\org\springframework\boot\spring-boot-test-autoconfigure\2.2.5.RELEASE\spring-boot-test-autoconfigure-2.2.5.RELEASE.jar;C:\Users\Jeremy_Zhou\.m2\repository\com\jayway\jsonpath\json-path\2.4.0\json-path-2.4.0.jar;C:\Users\Jeremy_Zhou\.m2\repository\net\minidev\json-smart\2.3\json-smart-2.3.jar;C:\Users\Jeremy_Zhou\.m2\repository\net\minidev\accessors-smart\1.2\accessors-smart-1.2.jar;C:\Users\Jeremy_Zhou\.m2\repository\org\ow2\asm\asm\5.0.4\asm-5.0.4.jar;C:\Users\Jeremy_Zhou\.m2\repository\jakarta\xml\bind\jakarta.xml.bind-api\2.3.2\jakarta.xml.bind-api-2.3.2.jar;C:\Users\Jeremy_Zhou\.m2\repository\org\junit\jupiter\junit-jupiter\5.5.2\junit-jupiter-5.5.2.jar;C:\Users\Jeremy_Zhou\.m2\repository\org\junit\jupiter\junit-jupiter-api\5.5.2\junit-jupiter-api-5.5.2.jar;C:\Users\Jeremy_Zhou\.m2\repository\org\opentest4j\opentest4j\1.2.0\opentest4j-1.2.0.jar;C:\Users\Jeremy_Zhou\.m2\repository\org\junit\platform\junit-platform-commons\1.5.2\junit-platform-commons-1.5.2.jar;C:\Users\Jeremy_Zhou\.m2\repository\org\junit\jupiter\junit-jupiter-params\5.5.2\junit-jupiter-params-5.5.2.jar;C:\Users\Jeremy_Zhou\.m2\repository\org\junit\jupiter\junit-jupiter-engine\5.5.2\junit-jupiter-engine-5.5.2.jar;C:\Users\Jeremy_Zhou\.m2\repository\org\junit\vintage\junit-vintage-engine\5.5.2\junit-vintage-engine-5.5.2.jar;C:\Users\Jeremy_Zhou\.m2\repository\org\apiguardian\apiguardian-api\1.1.0\apiguardian-api-1.1.0.jar;C:\Users\Jeremy_Zhou\.m2\repository\org\junit\platform\junit-platform-engine\1.5.2\junit-platform-engine-1.5.2.jar;C:\Users\Jeremy_Zhou\.m2\repository\junit\junit\4.12\junit-4.12.jar;C:\Users\Jeremy_Zhou\.m2\repository\org\mockito\mockito-junit-jupiter\3.1.0\mockito-junit-jupiter-3.1.0.jar;C:\Users\Jeremy_Zhou\.m2\repository\org\assertj\assertj-core\3.13.2\assertj-core-3.13.2.jar;C:\Users\Jeremy_Zhou\.m2\repository\org\hamcrest\hamcrest\2.1\hamcrest-2.1.jar;C:\Users\Jeremy_Zhou\.m2\repository\org\mockito\mockito-core\3.1.0\mockito-core-3.1.0.jar;C:\Users\Jeremy_Zhou\.m2\repository\net\bytebuddy\byte-buddy-agent\1.10.8\byte-buddy-agent-1.10.8.jar;C:\Users\Jeremy_Zhou\.m2\repository\org\objenesis\objenesis\2.6\objenesis-2.6.jar;C:\Users\Jeremy_Zhou\.m2\repository\org\skyscreamer\jsonassert\1.5.0\jsonassert-1.5.0.jar;C:\Users\Jeremy_Zhou\.m2\repository\com\vaadin\external\google\android-json\0.0.20131108.vaadin1\android-json-0.0.20131108.vaadin1.jar;C:\Users\Jeremy_Zhou\.m2\repository\org\springframework\spring-core\5.2.4.RELEASE\spring-core-5.2.4.RELEASE.jar;C:\Users\Jeremy_Zhou\.m2\repository\org\springframework\spring-jcl\5.2.4.RELEASE\spring-jcl-5.2.4.RELEASE.jar;C:\Users\Jeremy_Zhou\.m2\repository\org\springframework\spring-test\5.2.4.RELEASE\spring-test-5.2.4.RELEASE.jar;C:\Users\Jeremy_Zhou\.m2\repository\org\xmlunit\xmlunit-core\2.6.3\xmlunit-core-2.6.3.jar;C:\Users\Jeremy_Zhou\.m2\repository\com\h2database\h2\1.4.200\h2-1.4.200.jar;"/>
    <property name="sun.cpu.endian" value="little"/>
    <property name="user.home" value="C:\Users\Jeremy_Zhou"/>
    <property name="user.language" value="en"/>
    <property name="java.specification.vendor" value="Oracle Corporation"/>
    <property name="java.home" value="C:\Program Files\Amazon Corretto\jdk1.8.0_242\jre"/>
    <property name="basedir" value="D:\Jeremy\github\spring-boot-all\spring-boot-tdd"/>
    <property name="file.separator" value="\"/>
    <property name="line.separator" value="&#10;"/>
    <property name="java.vm.specification.vendor" value="Oracle Corporation"/>
    <property name="java.specification.name" value="Java Platform API Specification"/>
    <property name="java.awt.graphicsenv" value="sun.awt.Win32GraphicsEnvironment"/>
    <property name="surefire.real.class.path" value="C:\Users\JEREMY~1\AppData\Local\Temp\surefire6250812897804540105\surefirebooter2451531224202730887.jar;C:\\Users\\Jeremy_Zhou\\.m2\\repository\\org\\jacoco\\org.jacoco.agent\\0.8.5\\org.jacoco.agent-0.8.5-runtime.jar"/>
    <property name="sun.boot.class.path" value="C:\Program Files\Amazon Corretto\jdk1.8.0_242\jre\lib\resources.jar;C:\Program Files\Amazon Corretto\jdk1.8.0_242\jre\lib\rt.jar;C:\Program Files\Amazon Corretto\jdk1.8.0_242\jre\lib\sunrsasign.jar;C:\Program Files\Amazon Corretto\jdk1.8.0_242\jre\lib\jsse.jar;C:\Program Files\Amazon Corretto\jdk1.8.0_242\jre\lib\jce.jar;C:\Program Files\Amazon Corretto\jdk1.8.0_242\jre\lib\charsets.jar;C:\Program Files\Amazon Corretto\jdk1.8.0_242\jre\lib\jfr.jar;C:\Program Files\Amazon Corretto\jdk1.8.0_242\jre\classes"/>
    <property name="user.script" value=""/>
    <property name="sun.management.compiler" value="HotSpot 64-Bit Tiered Compilers"/>
    <property name="java.runtime.version" value="1.8.0_242-b08"/>
    <property name="user.name" value="Jeremy_Zhou"/>
    <property name="path.separator" value=";"/>
    <property name="os.version" value="10.0"/>
    <property name="java.endorsed.dirs" value="C:\Program Files\Amazon Corretto\jdk1.8.0_242\jre\lib\endorsed"/>
    <property name="java.runtime.name" value="OpenJDK Runtime Environment"/>
    <property name="file.encoding" value="GBK"/>
    <property name="java.vm.name" value="OpenJDK 64-Bit Server VM"/>
    <property name="localRepository" value="C:\Users\Jeremy_Zhou\.m2\repository"/>
    <property name="java.vendor.url.bug" value="https://github.com/corretto/corretto-8/issues/"/>
    <property name="java.io.tmpdir" value="C:\Users\JEREMY~1\AppData\Local\Temp\"/>
    <property name="java.version" value="1.8.0_242"/>
    <property name="user.dir" value="D:\Jeremy\github\spring-boot-all\spring-boot-tdd"/>
    <property name="os.arch" value="amd64"/>
    <property name="java.vm.specification.name" value="Java Virtual Machine Specification"/>
    <property name="java.awt.printerjob" value="sun.awt.windows.WPrinterJob"/>
    <property name="sun.os.patch.level" value=""/>
    <property name="java.library.path" value="C:\Program Files\Amazon Corretto\jdk1.8.0_242\jre\bin;C:\WINDOWS\Sun\Java\bin;C:\WINDOWS\system32;C:\WINDOWS;C:\Program Files\Amazon Corretto\jdk1.8.0_242\bin;C:\WINDOWS\system32;C:\WINDOWS;C:\WINDOWS\System32\Wbem;C:\WINDOWS\System32\WindowsPowerShell\v1.0\;C:\WINDOWS\System32\OpenSSH\;C:\Program Files\Amazon Corretto\jdk1.8.0_242\bin;D:\Jeremy\soft\apache-maven-3.6.3\bin;D:\Jeremy\soft\Git\cmd;D:\Jeremy\soft\tortoise\bin;D:\Jeremy\soft\nodejs;C:\Program Files\Amazon\AWSCLIV2\;D:\Jeremy\soft\python\Scripts;C:\Program Files\Amazon\ECSCLI;D:\Jeremy\soft\virtualBox;C:\HashiCorp\Vagrant\bin;D:\Jeremy\soft\groovy-3.0.3\bin;C:\Program Files\7-Zip;;D:\Jeremy\soft\Microsoft VS Code\bin;C:\Program Files\Docker\Docker\resources\bin;C:\ProgramData\DockerDesktop\version-bin;D:\Jeremy\soft\python\Scripts\;D:\Jeremy\soft\python\;C:\Users\Jeremy_Zhou\AppData\Local\Microsoft\WindowsApps;C:\Users\Jeremy_Zhou\AppData\Local\atom\bin;."/>
    <property name="java.vm.info" value="mixed mode"/>
    <property name="java.vendor" value="Amazon.com Inc."/>
    <property name="java.vm.version" value="25.242-b08"/>
    <property name="java.ext.dirs" value="C:\Program Files\Amazon Corretto\jdk1.8.0_242\jre\lib\ext;C:\WINDOWS\Sun\Java\lib\ext"/>
    <property name="sun.io.unicode.encoding" value="UnicodeLittle"/>
    <property name="java.class.version" value="52.0"/>
  </properties>
  <testcase name="testConvertToDecimalWithInvalidDenominator" classname="com.itsz.springboot.tdd.util.MathUtilTest" time="0"/>
  <testcase name="testGenerateEventNumber{int}[1]" classname="com.itsz.springboot.tdd.util.MathUtilTest" time="0.025"/>
  <testcase name="testGenerateEventNumber{int}[2]" classname="com.itsz.springboot.tdd.util.MathUtilTest" time="0.005"/>
  <testcase name="testGenerateEventNumber{int}[3]" classname="com.itsz.springboot.tdd.util.MathUtilTest" time="0.004"/>
  <testcase name="testGenerateEventNumber{int}[4]" classname="com.itsz.springboot.tdd.util.MathUtilTest" time="0.002"/>
  <testcase name="testGenerateEventNumber{int}[5]" classname="com.itsz.springboot.tdd.util.MathUtilTest" time="0"/>
  <testcase name="testGenerateEventNumber{int}[6]" classname="com.itsz.springboot.tdd.util.MathUtilTest" time="0.001"/>
  <testcase name="testGenerateEventNumber{int}[7]" classname="com.itsz.springboot.tdd.util.MathUtilTest" time="0.004"/>
  <testcase name="testGenerateEventNumber{int}[8]" classname="com.itsz.springboot.tdd.util.MathUtilTest" time="0"/>
  <testcase name="testGenerateEventNumber{int}[9]" classname="com.itsz.springboot.tdd.util.MathUtilTest" time="0"/>
  <testcase name="testGenerateEventNumber{int}[10]" classname="com.itsz.springboot.tdd.util.MathUtilTest" time="0.001"/>
  <testcase name="testGenerateEventNumber{int}[11]" classname="com.itsz.springboot.tdd.util.MathUtilTest" time="0"/>
  <testcase name="testGenerateEventNumber{int}[12]" classname="com.itsz.springboot.tdd.util.MathUtilTest" time="0.001"/>
  <testcase name="testGenerateEventNumber{int}[13]" classname="com.itsz.springboot.tdd.util.MathUtilTest" time="0"/>
  <testcase name="testGenerateEventNumber{int}[14]" classname="com.itsz.springboot.tdd.util.MathUtilTest" time="0"/>
  <testcase name="testGenerateEventNumber{int}[15]" classname="com.itsz.springboot.tdd.util.MathUtilTest" time="0"/>
  <testcase name="testGenerateEventNumber{int}[16]" classname="com.itsz.springboot.tdd.util.MathUtilTest" time="0.001"/>
  <testcase name="testGenerateEventNumber{int}[17]" classname="com.itsz.springboot.tdd.util.MathUtilTest" time="0"/>
  <testcase name="testGenerateEventNumber{int}[18]" classname="com.itsz.springboot.tdd.util.MathUtilTest" time="0"/>
  <testcase name="testGenerateEventNumber{int}[19]" classname="com.itsz.springboot.tdd.util.MathUtilTest" time="0"/>
  <testcase name="testGenerateEventNumber{int}[20]" classname="com.itsz.springboot.tdd.util.MathUtilTest" time="0"/>
  <testcase name="testGenerateEventNumber{int}[21]" classname="com.itsz.springboot.tdd.util.MathUtilTest" time="0"/>
  <testcase name="testGenerateEventNumber{int}[22]" classname="com.itsz.springboot.tdd.util.MathUtilTest" time="0"/>
  <testcase name="testGenerateEventNumber{int}[23]" classname="com.itsz.springboot.tdd.util.MathUtilTest" time="0.002"/>
  <testcase name="testGenerateEventNumber{int}[24]" classname="com.itsz.springboot.tdd.util.MathUtilTest" time="0"/>
  <testcase name="testGenerateEventNumber{int}[25]" classname="com.itsz.springboot.tdd.util.MathUtilTest" time="0"/>
  <testcase name="testGenerateEventNumber{int}[26]" classname="com.itsz.springboot.tdd.util.MathUtilTest" time="0"/>
  <testcase name="testGenerateEventNumber{int}[27]" classname="com.itsz.springboot.tdd.util.MathUtilTest" time="0.002"/>
  <testcase name="testGenerateEventNumber{int}[28]" classname="com.itsz.springboot.tdd.util.MathUtilTest" time="0"/>
  <testcase name="testGenerateEventNumber{int}[29]" classname="com.itsz.springboot.tdd.util.MathUtilTest" time="0"/>
  <testcase name="testGenerateEventNumber{int}[30]" classname="com.itsz.springboot.tdd.util.MathUtilTest" time="0.001"/>
  <testcase name="testGenerateEventNumber{int}[31]" classname="com.itsz.springboot.tdd.util.MathUtilTest" time="0"/>
  <testcase name="testGenerateEventNumber{int}[32]" classname="com.itsz.springboot.tdd.util.MathUtilTest" time="0.002"/>
  <testcase name="testGenerateEventNumber{int}[33]" classname="com.itsz.springboot.tdd.util.MathUtilTest" time="0"/>
  <testcase name="testGenerateEventNumber{int}[34]" classname="com.itsz.springboot.tdd.util.MathUtilTest" time="0"/>
  <testcase name="testGenerateEventNumber{int}[35]" classname="com.itsz.springboot.tdd.util.MathUtilTest" time="0.001"/>
  <testcase name="testGenerateEventNumber{int}[36]" classname="com.itsz.springboot.tdd.util.MathUtilTest" time="0.001"/>
  <testcase name="testGenerateEventNumber{int}[37]" classname="com.itsz.springboot.tdd.util.MathUtilTest" time="0.001"/>
  <testcase name="testGenerateEventNumber{int}[38]" classname="com.itsz.springboot.tdd.util.MathUtilTest" time="0.001"/>
  <testcase name="testGenerateEventNumber{int}[39]" classname="com.itsz.springboot.tdd.util.MathUtilTest" time="0.001"/>
  <testcase name="testGenerateEventNumber{int}[40]" classname="com.itsz.springboot.tdd.util.MathUtilTest" time="0"/>
  <testcase name="testGenerateEventNumber{int}[41]" classname="com.itsz.springboot.tdd.util.MathUtilTest" time="0.002"/>
  <testcase name="testGenerateEventNumber{int}[42]" classname="com.itsz.springboot.tdd.util.MathUtilTest" time="0.002"/>
  <testcase name="testGenerateEventNumber{int}[43]" classname="com.itsz.springboot.tdd.util.MathUtilTest" time="0"/>
  <testcase name="testGenerateEventNumber{int}[44]" classname="com.itsz.springboot.tdd.util.MathUtilTest" time="0"/>
  <testcase name="testGenerateEventNumber{int}[45]" classname="com.itsz.springboot.tdd.util.MathUtilTest" time="0.001"/>
  <testcase name="testGenerateEventNumber{int}[46]" classname="com.itsz.springboot.tdd.util.MathUtilTest" time="0"/>
  <testcase name="testGenerateEventNumber{int}[47]" classname="com.itsz.springboot.tdd.util.MathUtilTest" time="0.001"/>
  <testcase name="testGenerateEventNumber{int}[48]" classname="com.itsz.springboot.tdd.util.MathUtilTest" time="0.001"/>
  <testcase name="testGenerateEventNumber{int}[49]" classname="com.itsz.springboot.tdd.util.MathUtilTest" time="0.001"/>
  <testcase name="testGenerateEventNumber{int}[50]" classname="com.itsz.springboot.tdd.util.MathUtilTest" time="0"/>
  <testcase name="testGenerateEventNumber{int}[51]" classname="com.itsz.springboot.tdd.util.MathUtilTest" time="0.001"/>
  <testcase name="testGenerateEventNumber{int}[52]" classname="com.itsz.springboot.tdd.util.MathUtilTest" time="0"/>
  <testcase name="testGenerateEventNumber{int}[53]" classname="com.itsz.springboot.tdd.util.MathUtilTest" time="0"/>
  <testcase name="testGenerateEventNumber{int}[54]" classname="com.itsz.springboot.tdd.util.MathUtilTest" time="0"/>
  <testcase name="testGenerateEventNumber{int}[55]" classname="com.itsz.springboot.tdd.util.MathUtilTest" time="0"/>
  <testcase name="testGenerateEventNumber{int}[56]" classname="com.itsz.springboot.tdd.util.MathUtilTest" time="0"/>
  <testcase name="testGenerateEventNumber{int}[57]" classname="com.itsz.springboot.tdd.util.MathUtilTest" time="0.002"/>
  <testcase name="testGenerateEventNumber{int}[58]" classname="com.itsz.springboot.tdd.util.MathUtilTest" time="0"/>
  <testcase name="testGenerateEventNumber{int}[59]" classname="com.itsz.springboot.tdd.util.MathUtilTest" time="0"/>
  <testcase name="testGenerateEventNumber{int}[60]" classname="com.itsz.springboot.tdd.util.MathUtilTest" time="0.001"/>
  <testcase name="testGenerateEventNumber{int}[61]" classname="com.itsz.springboot.tdd.util.MathUtilTest" time="0"/>
  <testcase name="testGenerateEventNumber{int}[62]" classname="com.itsz.springboot.tdd.util.MathUtilTest" time="0"/>
  <testcase name="testGenerateEventNumber{int}[63]" classname="com.itsz.springboot.tdd.util.MathUtilTest" time="0.001"/>
  <testcase name="testGenerateEventNumber{int}[64]" classname="com.itsz.springboot.tdd.util.MathUtilTest" time="0"/>
  <testcase name="testGenerateEventNumber{int}[65]" classname="com.itsz.springboot.tdd.util.MathUtilTest" time="0.001"/>
  <testcase name="testGenerateEventNumber{int}[66]" classname="com.itsz.springboot.tdd.util.MathUtilTest" time="0"/>
  <testcase name="testGenerateEventNumber{int}[67]" classname="com.itsz.springboot.tdd.util.MathUtilTest" time="0.001"/>
  <testcase name="testGenerateEventNumber{int}[68]" classname="com.itsz.springboot.tdd.util.MathUtilTest" time="0.001"/>
  <testcase name="testGenerateEventNumber{int}[69]" classname="com.itsz.springboot.tdd.util.MathUtilTest" time="0"/>
  <testcase name="testGenerateEventNumber{int}[70]" classname="com.itsz.springboot.tdd.util.MathUtilTest" time="0"/>
  <testcase name="testGenerateEventNumber{int}[71]" classname="com.itsz.springboot.tdd.util.MathUtilTest" time="0.001"/>
  <testcase name="testGenerateEventNumber{int}[72]" classname="com.itsz.springboot.tdd.util.MathUtilTest" time="0"/>
  <testcase name="testGenerateEventNumber{int}[73]" classname="com.itsz.springboot.tdd.util.MathUtilTest" time="0.001"/>
  <testcase name="testGenerateEventNumber{int}[74]" classname="com.itsz.springboot.tdd.util.MathUtilTest" time="0.001"/>
  <testcase name="testGenerateEventNumber{int}[75]" classname="com.itsz.springboot.tdd.util.MathUtilTest" time="0.008"/>
  <testcase name="testGenerateEventNumber{int}[76]" classname="com.itsz.springboot.tdd.util.MathUtilTest" time="0"/>
  <testcase name="testGenerateEventNumber{int}[77]" classname="com.itsz.springboot.tdd.util.MathUtilTest" time="0"/>
  <testcase name="testGenerateEventNumber{int}[78]" classname="com.itsz.springboot.tdd.util.MathUtilTest" time="0"/>
  <testcase name="testGenerateEventNumber{int}[79]" classname="com.itsz.springboot.tdd.util.MathUtilTest" time="0"/>
  <testcase name="testGenerateEventNumber{int}[80]" classname="com.itsz.springboot.tdd.util.MathUtilTest" time="0"/>
  <testcase name="testGenerateEventNumber{int}[81]" classname="com.itsz.springboot.tdd.util.MathUtilTest" time="0"/>
  <testcase name="testGenerateEventNumber{int}[82]" classname="com.itsz.springboot.tdd.util.MathUtilTest" time="0"/>
  <testcase name="testGenerateEventNumber{int}[83]" classname="com.itsz.springboot.tdd.util.MathUtilTest" time="0"/>
  <testcase name="testGenerateEventNumber{int}[84]" classname="com.itsz.springboot.tdd.util.MathUtilTest" time="0"/>
  <testcase name="testGenerateEventNumber{int}[85]" classname="com.itsz.springboot.tdd.util.MathUtilTest" time="0.002"/>
  <testcase name="testGenerateEventNumber{int}[86]" classname="com.itsz.springboot.tdd.util.MathUtilTest" time="0.001"/>
  <testcase name="testGenerateEventNumber{int}[87]" classname="com.itsz.springboot.tdd.util.MathUtilTest" time="0.005"/>
  <testcase name="testGenerateEventNumber{int}[88]" classname="com.itsz.springboot.tdd.util.MathUtilTest" time="0"/>
  <testcase name="testGenerateEventNumber{int}[89]" classname="com.itsz.springboot.tdd.util.MathUtilTest" time="0"/>
  <testcase name="testGenerateEventNumber{int}[90]" classname="com.itsz.springboot.tdd.util.MathUtilTest" time="0"/>
  <testcase name="testGenerateEventNumber{int}[91]" classname="com.itsz.springboot.tdd.util.MathUtilTest" time="0"/>
  <testcase name="testGenerateEventNumber{int}[92]" classname="com.itsz.springboot.tdd.util.MathUtilTest" time="0"/>
  <testcase name="testGenerateEventNumber{int}[93]" classname="com.itsz.springboot.tdd.util.MathUtilTest" time="0"/>
  <testcase name="testGenerateEventNumber{int}[94]" classname="com.itsz.springboot.tdd.util.MathUtilTest" time="0"/>
  <testcase name="testGenerateEventNumber{int}[95]" classname="com.itsz.springboot.tdd.util.MathUtilTest" time="0.002"/>
  <testcase name="testGenerateEventNumber{int}[96]" classname="com.itsz.springboot.tdd.util.MathUtilTest" time="0"/>
  <testcase name="testGenerateEventNumber{int}[97]" classname="com.itsz.springboot.tdd.util.MathUtilTest" time="0.001"/>
  <testcase name="testGenerateEventNumber{int}[98]" classname="com.itsz.springboot.tdd.util.MathUtilTest" time="0"/>
  <testcase name="testGenerateEventNumber{int}[99]" classname="com.itsz.springboot.tdd.util.MathUtilTest" time="0"/>
  <testcase name="testGenerateEventNumber{int}[100]" classname="com.itsz.springboot.tdd.util.MathUtilTest" time="0.001"/>
  <testcase name="testGenerateEventNumber{int}[101]" classname="com.itsz.springboot.tdd.util.MathUtilTest" time="0.001"/>
  <testcase name="testGenerateEventNumber{int}[102]" classname="com.itsz.springboot.tdd.util.MathUtilTest" time="0"/>
  <testcase name="testGenerateEventNumber{int}[103]" classname="com.itsz.springboot.tdd.util.MathUtilTest" time="0"/>
  <testcase name="testGenerateEventNumber{int}[104]" classname="com.itsz.springboot.tdd.util.MathUtilTest" time="0"/>
  <testcase name="testGenerateEventNumber{int}[105]" classname="com.itsz.springboot.tdd.util.MathUtilTest" time="0"/>
  <testcase name="testGenerateEventNumber{int}[106]" classname="com.itsz.springboot.tdd.util.MathUtilTest" time="0.002"/>
  <testcase name="testGenerateEventNumber{int}[107]" classname="com.itsz.springboot.tdd.util.MathUtilTest" time="0"/>
  <testcase name="testGenerateEventNumber{int}[108]" classname="com.itsz.springboot.tdd.util.MathUtilTest" time="0"/>
  <testcase name="testGenerateEventNumber{int}[109]" classname="com.itsz.springboot.tdd.util.MathUtilTest" time="0"/>
  <testcase name="testGenerateEventNumber{int}[110]" classname="com.itsz.springboot.tdd.util.MathUtilTest" time="0"/>
  <testcase name="testGenerateEventNumber{int}[111]" classname="com.itsz.springboot.tdd.util.MathUtilTest" time="0.001"/>
  <testcase name="testGenerateEventNumber{int}[112]" classname="com.itsz.springboot.tdd.util.MathUtilTest" time="0.001"/>
  <testcase name="testGenerateEventNumber{int}[113]" classname="com.itsz.springboot.tdd.util.MathUtilTest" time="0.001"/>
  <testcase name="testGenerateEventNumber{int}[114]" classname="com.itsz.springboot.tdd.util.MathUtilTest" time="0"/>
  <testcase name="testGenerateEventNumber{int}[115]" classname="com.itsz.springboot.tdd.util.MathUtilTest" time="0"/>
  <testcase name="testGenerateEventNumber{int}[116]" classname="com.itsz.springboot.tdd.util.MathUtilTest" time="0"/>
  <testcase name="testGenerateEventNumber{int}[117]" classname="com.itsz.springboot.tdd.util.MathUtilTest" time="0"/>
  <testcase name="testGenerateEventNumber{int}[118]" classname="com.itsz.springboot.tdd.util.MathUtilTest" time="0"/>
  <testcase name="testGenerateEventNumber{int}[119]" classname="com.itsz.springboot.tdd.util.MathUtilTest" time="0"/>
  <testcase name="testGenerateEventNumber{int}[120]" classname="com.itsz.springboot.tdd.util.MathUtilTest" time="0"/>
  <testcase name="testGenerateEventNumber{int}[121]" classname="com.itsz.springboot.tdd.util.MathUtilTest" time="0.003"/>
  <testcase name="testGenerateEventNumber{int}[122]" classname="com.itsz.springboot.tdd.util.MathUtilTest" time="0.002"/>
  <testcase name="testGenerateEventNumber{int}[123]" classname="com.itsz.springboot.tdd.util.MathUtilTest" time="0"/>
  <testcase name="testGenerateEventNumber{int}[124]" classname="com.itsz.springboot.tdd.util.MathUtilTest" time="0"/>
  <testcase name="testGenerateEventNumber{int}[125]" classname="com.itsz.springboot.tdd.util.MathUtilTest" time="0.001"/>
  <testcase name="testGenerateEventNumber{int}[126]" classname="com.itsz.springboot.tdd.util.MathUtilTest" time="0"/>
  <testcase name="testGenerateEventNumber{int}[127]" classname="com.itsz.springboot.tdd.util.MathUtilTest" time="0"/>
  <testcase name="testGenerateEventNumber{int}[128]" classname="com.itsz.springboot.tdd.util.MathUtilTest" time="0.001"/>
  <testcase name="testGenerateEventNumber{int}[129]" classname="com.itsz.springboot.tdd.util.MathUtilTest" time="0"/>
  <testcase name="testGenerateEventNumber{int}[130]" classname="com.itsz.springboot.tdd.util.MathUtilTest" time="0"/>
  <testcase name="testGenerateEventNumber{int}[131]" classname="com.itsz.springboot.tdd.util.MathUtilTest" time="0"/>
  <testcase name="testGenerateEventNumber{int}[132]" classname="com.itsz.springboot.tdd.util.MathUtilTest" time="0.001"/>
  <testcase name="testGenerateEventNumber{int}[133]" classname="com.itsz.springboot.tdd.util.MathUtilTest" time="0"/>
  <testcase name="testGenerateEventNumber{int}[134]" classname="com.itsz.springboot.tdd.util.MathUtilTest" time="0"/>
  <testcase name="testGenerateEventNumber{int}[135]" classname="com.itsz.springboot.tdd.util.MathUtilTest" time="0"/>
  <testcase name="testGenerateEventNumber{int}[136]" classname="com.itsz.springboot.tdd.util.MathUtilTest" time="0"/>
  <testcase name="testGenerateEventNumber{int}[137]" classname="com.itsz.springboot.tdd.util.MathUtilTest" time="0"/>
  <testcase name="testGenerateEventNumber{int}[138]" classname="com.itsz.springboot.tdd.util.MathUtilTest" time="0"/>
  <testcase name="testGenerateEventNumber{int}[139]" classname="com.itsz.springboot.tdd.util.MathUtilTest" time="0"/>
  <testcase name="testGenerateEventNumber{int}[140]" classname="com.itsz.springboot.tdd.util.MathUtilTest" time="0"/>
  <testcase name="testGenerateEventNumber{int}[141]" classname="com.itsz.springboot.tdd.util.MathUtilTest" time="0"/>
  <testcase name="testGenerateEventNumber{int}[142]" classname="com.itsz.springboot.tdd.util.MathUtilTest" time="0.001"/>
  <testcase name="testGenerateEventNumber{int}[143]" classname="com.itsz.springboot.tdd.util.MathUtilTest" time="0"/>
  <testcase name="testGenerateEventNumber{int}[144]" classname="com.itsz.springboot.tdd.util.MathUtilTest" time="0"/>
  <testcase name="testGenerateEventNumber{int}[145]" classname="com.itsz.springboot.tdd.util.MathUtilTest" time="0"/>
  <testcase name="testGenerateEventNumber{int}[146]" classname="com.itsz.springboot.tdd.util.MathUtilTest" time="0"/>
  <testcase name="testGenerateEventNumber{int}[147]" classname="com.itsz.springboot.tdd.util.MathUtilTest" time="0"/>
  <testcase name="testGenerateEventNumber{int}[148]" classname="com.itsz.springboot.tdd.util.MathUtilTest" time="0"/>
  <testcase name="testGenerateEventNumber{int}[149]" classname="com.itsz.springboot.tdd.util.MathUtilTest" time="0"/>
  <testcase name="testGenerateEventNumber{int}[150]" classname="com.itsz.springboot.tdd.util.MathUtilTest" time="0"/>
  <testcase name="testGenerateEventNumber{int}[151]" classname="com.itsz.springboot.tdd.util.MathUtilTest" time="0"/>
  <testcase name="testGenerateEventNumber{int}[152]" classname="com.itsz.springboot.tdd.util.MathUtilTest" time="0"/>
  <testcase name="testGenerateEventNumber{int}[153]" classname="com.itsz.springboot.tdd.util.MathUtilTest" time="0"/>
  <testcase name="testGenerateEventNumber{int}[154]" classname="com.itsz.springboot.tdd.util.MathUtilTest" time="0"/>
  <testcase name="testGenerateEventNumber{int}[155]" classname="com.itsz.springboot.tdd.util.MathUtilTest" time="0"/>
  <testcase name="testGenerateEventNumber{int}[156]" classname="com.itsz.springboot.tdd.util.MathUtilTest" time="0"/>
  <testcase name="testGenerateEventNumber{int}[157]" classname="com.itsz.springboot.tdd.util.MathUtilTest" time="0"/>
  <testcase name="testGenerateEventNumber{int}[158]" classname="com.itsz.springboot.tdd.util.MathUtilTest" time="0"/>
  <testcase name="testGenerateEventNumber{int}[159]" classname="com.itsz.springboot.tdd.util.MathUtilTest" time="0"/>
  <testcase name="testGenerateEventNumber{int}[160]" classname="com.itsz.springboot.tdd.util.MathUtilTest" time="0"/>
  <testcase name="testGenerateEventNumber{int}[161]" classname="com.itsz.springboot.tdd.util.MathUtilTest" time="0"/>
  <testcase name="testGenerateEventNumber{int}[162]" classname="com.itsz.springboot.tdd.util.MathUtilTest" time="0"/>
  <testcase name="testGenerateEventNumber{int}[163]" classname="com.itsz.springboot.tdd.util.MathUtilTest" time="0"/>
  <testcase name="testGenerateEventNumber{int}[164]" classname="com.itsz.springboot.tdd.util.MathUtilTest" time="0"/>
  <testcase name="testGenerateEventNumber{int}[165]" classname="com.itsz.springboot.tdd.util.MathUtilTest" time="0"/>
  <testcase name="testGenerateEventNumber{int}[166]" classname="com.itsz.springboot.tdd.util.MathUtilTest" time="0"/>
  <testcase name="testGenerateEventNumber{int}[167]" classname="com.itsz.springboot.tdd.util.MathUtilTest" time="0"/>
  <testcase name="testGenerateEventNumber{int}[168]" classname="com.itsz.springboot.tdd.util.MathUtilTest" time="0"/>
  <testcase name="testGenerateEventNumber{int}[169]" classname="com.itsz.springboot.tdd.util.MathUtilTest" time="0"/>
  <testcase name="testGenerateEventNumber{int}[170]" classname="com.itsz.springboot.tdd.util.MathUtilTest" time="0.001"/>
  <testcase name="testGenerateEventNumber{int}[171]" classname="com.itsz.springboot.tdd.util.MathUtilTest" time="0.003"/>
  <testcase name="testGenerateEventNumber{int}[172]" classname="com.itsz.springboot.tdd.util.MathUtilTest" time="0"/>
  <testcase name="testGenerateEventNumber{int}[173]" classname="com.itsz.springboot.tdd.util.MathUtilTest" time="0.001"/>
  <testcase name="testGenerateEventNumber{int}[174]" classname="com.itsz.springboot.tdd.util.MathUtilTest" time="0"/>
  <testcase name="testGenerateEventNumber{int}[175]" classname="com.itsz.springboot.tdd.util.MathUtilTest" time="0"/>
  <testcase name="testGenerateEventNumber{int}[176]" classname="com.itsz.springboot.tdd.util.MathUtilTest" time="0"/>
  <testcase name="testGenerateEventNumber{int}[177]" classname="com.itsz.springboot.tdd.util.MathUtilTest" time="0"/>
  <testcase name="testGenerateEventNumber{int}[178]" classname="com.itsz.springboot.tdd.util.MathUtilTest" time="0.002"/>
  <testcase name="testGenerateEventNumber{int}[179]" classname="com.itsz.springboot.tdd.util.MathUtilTest" time="0.002"/>
  <testcase name="testGenerateEventNumber{int}[180]" classname="com.itsz.springboot.tdd.util.MathUtilTest" time="0"/>
  <testcase name="testGenerateEventNumber{int}[181]" classname="com.itsz.springboot.tdd.util.MathUtilTest" time="0.001"/>
  <testcase name="testGenerateEventNumber{int}[182]" classname="com.itsz.springboot.tdd.util.MathUtilTest" time="0.001"/>
  <testcase name="testGenerateEventNumber{int}[183]" classname="com.itsz.springboot.tdd.util.MathUtilTest" time="0.002"/>
  <testcase name="testGenerateEventNumber{int}[184]" classname="com.itsz.springboot.tdd.util.MathUtilTest" time="0.001"/>
  <testcase name="testGenerateEventNumber{int}[185]" classname="com.itsz.springboot.tdd.util.MathUtilTest" time="0"/>
  <testcase name="testGenerateEventNumber{int}[186]" classname="com.itsz.springboot.tdd.util.MathUtilTest" time="0.001"/>
  <testcase name="testGenerateEventNumber{int}[187]" classname="com.itsz.springboot.tdd.util.MathUtilTest" time="0.001"/>
  <testcase name="testGenerateEventNumber{int}[188]" classname="com.itsz.springboot.tdd.util.MathUtilTest" time="0.001"/>
  <testcase name="testGenerateEventNumber{int}[189]" classname="com.itsz.springboot.tdd.util.MathUtilTest" time="0"/>
  <testcase name="testGenerateEventNumber{int}[190]" classname="com.itsz.springboot.tdd.util.MathUtilTest" time="0"/>
  <testcase name="testGenerateEventNumber{int}[191]" classname="com.itsz.springboot.tdd.util.MathUtilTest" time="0"/>
  <testcase name="testGenerateEventNumber{int}[192]" classname="com.itsz.springboot.tdd.util.MathUtilTest" time="0"/>
  <testcase name="testGenerateEventNumber{int}[193]" classname="com.itsz.springboot.tdd.util.MathUtilTest" time="0"/>
  <testcase name="testGenerateEventNumber{int}[194]" classname="com.itsz.springboot.tdd.util.MathUtilTest" time="0"/>
  <testcase name="testGenerateEventNumber{int}[195]" classname="com.itsz.springboot.tdd.util.MathUtilTest" time="0"/>
  <testcase name="testGenerateEventNumber{int}[196]" classname="com.itsz.springboot.tdd.util.MathUtilTest" time="0.001"/>
  <testcase name="testGenerateEventNumber{int}[197]" classname="com.itsz.springboot.tdd.util.MathUtilTest" time="0.001"/>
  <testcase name="testGenerateEventNumber{int}[198]" classname="com.itsz.springboot.tdd.util.MathUtilTest" time="0.001"/>
  <testcase name="testGenerateEventNumber{int}[199]" classname="com.itsz.springboot.tdd.util.MathUtilTest" time="0"/>
  <testcase name="testGenerateEventNumber{int}[200]" classname="com.itsz.springboot.tdd.util.MathUtilTest" time="0"/>
  <testcase name="testGenerateEventNumber{int}[201]" classname="com.itsz.springboot.tdd.util.MathUtilTest" time="0.001"/>
  <testcase name="testGenerateEventNumber{int}[202]" classname="com.itsz.springboot.tdd.util.MathUtilTest" time="0"/>
  <testcase name="testGenerateEventNumber{int}[203]" classname="com.itsz.springboot.tdd.util.MathUtilTest" time="0"/>
  <testcase name="testGenerateEventNumber{int}[204]" classname="com.itsz.springboot.tdd.util.MathUtilTest" time="0"/>
  <testcase name="testGenerateEventNumber{int}[205]" classname="com.itsz.springboot.tdd.util.MathUtilTest" time="0"/>
  <testcase name="testGenerateEventNumber{int}[206]" classname="com.itsz.springboot.tdd.util.MathUtilTest" time="0.001"/>
  <testcase name="testGenerateEventNumber{int}[207]" classname="com.itsz.springboot.tdd.util.MathUtilTest" time="0.001"/>
  <testcase name="testGenerateEventNumber{int}[208]" classname="com.itsz.springboot.tdd.util.MathUtilTest" time="0"/>
  <testcase name="testGenerateEventNumber{int}[209]" classname="com.itsz.springboot.tdd.util.MathUtilTest" time="0"/>
  <testcase name="testGenerateEventNumber{int}[210]" classname="com.itsz.springboot.tdd.util.MathUtilTest" time="0"/>
  <testcase name="testGenerateEventNumber{int}[211]" classname="com.itsz.springboot.tdd.util.MathUtilTest" time="0"/>
  <testcase name="testGenerateEventNumber{int}[212]" classname="com.itsz.springboot.tdd.util.MathUtilTest" time="0.001"/>
  <testcase name="testGenerateEventNumber{int}[213]" classname="com.itsz.springboot.tdd.util.MathUtilTest" time="0"/>
  <testcase name="testGenerateEventNumber{int}[214]" classname="com.itsz.springboot.tdd.util.MathUtilTest" time="0.001"/>
  <testcase name="testGenerateEventNumber{int}[215]" classname="com.itsz.springboot.tdd.util.MathUtilTest" time="0"/>
  <testcase name="testGenerateEventNumber{int}[216]" classname="com.itsz.springboot.tdd.util.MathUtilTest" time="0.002"/>
  <testcase name="testGenerateEventNumber{int}[217]" classname="com.itsz.springboot.tdd.util.MathUtilTest" time="0"/>
  <testcase name="testGenerateEventNumber{int}[218]" classname="com.itsz.springboot.tdd.util.MathUtilTest" time="0.001"/>
  <testcase name="testGenerateEventNumber{int}[219]" classname="com.itsz.springboot.tdd.util.MathUtilTest" time="0"/>
  <testcase name="testGenerateEventNumber{int}[220]" classname="com.itsz.springboot.tdd.util.MathUtilTest" time="0.001"/>
  <testcase name="testGenerateEventNumber{int}[221]" classname="com.itsz.springboot.tdd.util.MathUtilTest" time="0.001"/>
  <testcase name="testGenerateEventNumber{int}[222]" classname="com.itsz.springboot.tdd.util.MathUtilTest" time="0"/>
  <testcase name="testGenerateEventNumber{int}[223]" classname="com.itsz.springboot.tdd.util.MathUtilTest" time="0"/>
  <testcase name="testGenerateEventNumber{int}[224]" classname="com.itsz.springboot.tdd.util.MathUtilTest" time="0.001"/>
  <testcase name="testGenerateEventNumber{int}[225]" classname="com.itsz.springboot.tdd.util.MathUtilTest" time="0.001"/>
  <testcase name="testGenerateEventNumber{int}[226]" classname="com.itsz.springboot.tdd.util.MathUtilTest" time="0.001"/>
  <testcase name="testGenerateEventNumber{int}[227]" classname="com.itsz.springboot.tdd.util.MathUtilTest" time="0.002"/>
  <testcase name="testGenerateEventNumber{int}[228]" classname="com.itsz.springboot.tdd.util.MathUtilTest" time="0"/>
  <testcase name="testGenerateEventNumber{int}[229]" classname="com.itsz.springboot.tdd.util.MathUtilTest" time="0"/>
  <testcase name="testGenerateEventNumber{int}[230]" classname="com.itsz.springboot.tdd.util.MathUtilTest" time="0"/>
  <testcase name="testGenerateEventNumber{int}[231]" classname="com.itsz.springboot.tdd.util.MathUtilTest" time="0"/>
  <testcase name="testGenerateEventNumber{int}[232]" classname="com.itsz.springboot.tdd.util.MathUtilTest" time="0"/>
  <testcase name="testGenerateEventNumber{int}[233]" classname="com.itsz.springboot.tdd.util.MathUtilTest" time="0.002"/>
  <testcase name="testGenerateEventNumber{int}[234]" classname="com.itsz.springboot.tdd.util.MathUtilTest" time="0"/>
  <testcase name="testGenerateEventNumber{int}[235]" classname="com.itsz.springboot.tdd.util.MathUtilTest" time="0"/>
  <testcase name="testGenerateEventNumber{int}[236]" classname="com.itsz.springboot.tdd.util.MathUtilTest" time="0"/>
  <testcase name="testGenerateEventNumber{int}[237]" classname="com.itsz.springboot.tdd.util.MathUtilTest" time="0"/>
  <testcase name="testGenerateEventNumber{int}[238]" classname="com.itsz.springboot.tdd.util.MathUtilTest" time="0.001"/>
  <testcase name="testGenerateEventNumber{int}[239]" classname="com.itsz.springboot.tdd.util.MathUtilTest" time="0"/>
  <testcase name="testGenerateEventNumber{int}[240]" classname="com.itsz.springboot.tdd.util.MathUtilTest" time="0"/>
  <testcase name="testGenerateEventNumber{int}[241]" classname="com.itsz.springboot.tdd.util.MathUtilTest" time="0"/>
  <testcase name="testGenerateEventNumber{int}[242]" classname="com.itsz.springboot.tdd.util.MathUtilTest" time="0"/>
  <testcase name="testGenerateEventNumber{int}[243]" classname="com.itsz.springboot.tdd.util.MathUtilTest" time="0"/>
  <testcase name="testGenerateEventNumber{int}[244]" classname="com.itsz.springboot.tdd.util.MathUtilTest" time="0.002"/>
  <testcase name="testGenerateEventNumber{int}[245]" classname="com.itsz.springboot.tdd.util.MathUtilTest" time="0"/>
  <testcase name="testGenerateEventNumber{int}[246]" classname="com.itsz.springboot.tdd.util.MathUtilTest" time="0"/>
  <testcase name="testGenerateEventNumber{int}[247]" classname="com.itsz.springboot.tdd.util.MathUtilTest" time="0"/>
  <testcase name="testGenerateEventNumber{int}[248]" classname="com.itsz.springboot.tdd.util.MathUtilTest" time="0.001"/>
  <testcase name="testGenerateEventNumber{int}[249]" classname="com.itsz.springboot.tdd.util.MathUtilTest" time="0.004"/>
  <testcase name="testGenerateEventNumber{int}[250]" classname="com.itsz.springboot.tdd.util.MathUtilTest" time="0.001"/>
  <testcase name="testGenerateEventNumber{int}[251]" classname="com.itsz.springboot.tdd.util.MathUtilTest" time="0.003"/>
  <testcase name="testGenerateEventNumber{int}[252]" classname="com.itsz.springboot.tdd.util.MathUtilTest" time="0"/>
  <testcase name="testGenerateEventNumber{int}[253]" classname="com.itsz.springboot.tdd.util.MathUtilTest" time="0"/>
  <testcase name="testGenerateEventNumber{int}[254]" classname="com.itsz.springboot.tdd.util.MathUtilTest" time="0.001"/>
  <testcase name="testGenerateEventNumber{int}[255]" classname="com.itsz.springboot.tdd.util.MathUtilTest" time="0.002"/>
  <testcase name="testGenerateEventNumber{int}[256]" classname="com.itsz.springboot.tdd.util.MathUtilTest" time="0.001"/>
  <testcase name="testGenerateEventNumber{int}[257]" classname="com.itsz.springboot.tdd.util.MathUtilTest" time="0.001"/>
  <testcase name="testGenerateEventNumber{int}[258]" classname="com.itsz.springboot.tdd.util.MathUtilTest" time="0"/>
  <testcase name="testGenerateEventNumber{int}[259]" classname="com.itsz.springboot.tdd.util.MathUtilTest" time="0"/>
  <testcase name="testGenerateEventNumber{int}[260]" classname="com.itsz.springboot.tdd.util.MathUtilTest" time="0.001"/>
  <testcase name="testGenerateEventNumber{int}[261]" classname="com.itsz.springboot.tdd.util.MathUtilTest" time="0.001"/>
  <testcase name="testGenerateEventNumber{int}[262]" classname="com.itsz.springboot.tdd.util.MathUtilTest" time="0"/>
  <testcase name="testGenerateEventNumber{int}[263]" classname="com.itsz.springboot.tdd.util.MathUtilTest" time="0"/>
  <testcase name="testGenerateEventNumber{int}[264]" classname="com.itsz.springboot.tdd.util.MathUtilTest" time="0.001"/>
  <testcase name="testGenerateEventNumber{int}[265]" classname="com.itsz.springboot.tdd.util.MathUtilTest" time="0"/>
  <testcase name="testGenerateEventNumber{int}[266]" classname="com.itsz.springboot.tdd.util.MathUtilTest" time="0"/>
  <testcase name="testGenerateEventNumber{int}[267]" classname="com.itsz.springboot.tdd.util.MathUtilTest" time="0.001"/>
  <testcase name="testGenerateEventNumber{int}[268]" classname="com.itsz.springboot.tdd.util.MathUtilTest" time="0"/>
  <testcase name="testGenerateEventNumber{int}[269]" classname="com.itsz.springboot.tdd.util.MathUtilTest" time="0"/>
  <testcase name="testGenerateEventNumber{int}[270]" classname="com.itsz.springboot.tdd.util.MathUtilTest" time="0"/>
  <testcase name="testGenerateEventNumber{int}[271]" classname="com.itsz.springboot.tdd.util.MathUtilTest" time="0"/>
  <testcase name="testGenerateEventNumber{int}[272]" classname="com.itsz.springboot.tdd.util.MathUtilTest" time="0"/>
  <testcase name="testGenerateEventNumber{int}[273]" classname="com.itsz.springboot.tdd.util.MathUtilTest" time="0"/>
  <testcase name="testGenerateEventNumber{int}[274]" classname="com.itsz.springboot.tdd.util.MathUtilTest" time="0"/>
  <testcase name="testGenerateEventNumber{int}[275]" classname="com.itsz.springboot.tdd.util.MathUtilTest" time="0"/>
  <testcase name="testGenerateEventNumber{int}[276]" classname="com.itsz.springboot.tdd.util.MathUtilTest" time="0"/>
  <testcase name="testGenerateEventNumber{int}[277]" classname="com.itsz.springboot.tdd.util.MathUtilTest" time="0"/>
  <testcase name="testGenerateEventNumber{int}[278]" classname="com.itsz.springboot.tdd.util.MathUtilTest" time="0"/>
  <testcase name="testGenerateEventNumber{int}[279]" classname="com.itsz.springboot.tdd.util.MathUtilTest" time="0.001"/>
  <testcase name="testGenerateEventNumber{int}[280]" classname="com.itsz.springboot.tdd.util.MathUtilTest" time="0"/>
  <testcase name="testGenerateEventNumber{int}[281]" classname="com.itsz.springboot.tdd.util.MathUtilTest" time="0"/>
  <testcase name="testGenerateEventNumber{int}[282]" classname="com.itsz.springboot.tdd.util.MathUtilTest" time="0"/>
  <testcase name="testGenerateEventNumber{int}[283]" classname="com.itsz.springboot.tdd.util.MathUtilTest" time="0"/>
  <testcase name="testGenerateEventNumber{int}[284]" classname="com.itsz.springboot.tdd.util.MathUtilTest" time="0"/>
  <testcase name="testGenerateEventNumber{int}[285]" classname="com.itsz.springboot.tdd.util.MathUtilTest" time="0"/>
  <testcase name="testGenerateEventNumber{int}[286]" classname="com.itsz.springboot.tdd.util.MathUtilTest" time="0"/>
  <testcase name="testGenerateEventNumber{int}[287]" classname="com.itsz.springboot.tdd.util.MathUtilTest" time="0"/>
  <testcase name="testGenerateEventNumber{int}[288]" classname="com.itsz.springboot.tdd.util.MathUtilTest" time="0"/>
  <testcase name="testGenerateEventNumber{int}[289]" classname="com.itsz.springboot.tdd.util.MathUtilTest" time="0"/>
  <testcase name="testGenerateEventNumber{int}[290]" classname="com.itsz.springboot.tdd.util.MathUtilTest" time="0"/>
  <testcase name="testGenerateEventNumber{int}[291]" classname="com.itsz.springboot.tdd.util.MathUtilTest" time="0"/>
  <testcase name="testGenerateEventNumber{int}[292]" classname="com.itsz.springboot.tdd.util.MathUtilTest" time="0"/>
  <testcase name="testGenerateEventNumber{int}[293]" classname="com.itsz.springboot.tdd.util.MathUtilTest" time="0"/>
  <testcase name="testGenerateEventNumber{int}[294]" classname="com.itsz.springboot.tdd.util.MathUtilTest" time="0.002"/>
  <testcase name="testGenerateEventNumber{int}[295]" classname="com.itsz.springboot.tdd.util.MathUtilTest" time="0"/>
  <testcase name="testGenerateEventNumber{int}[296]" classname="com.itsz.springboot.tdd.util.MathUtilTest" time="0"/>
  <testcase name="testGenerateEventNumber{int}[297]" classname="com.itsz.springboot.tdd.util.MathUtilTest" time="0.001"/>
  <testcase name="testGenerateEventNumber{int}[298]" classname="com.itsz.springboot.tdd.util.MathUtilTest" time="0"/>
  <testcase name="testGenerateEventNumber{int}[299]" classname="com.itsz.springboot.tdd.util.MathUtilTest" time="0"/>
  <testcase name="testGenerateEventNumber{int}[300]" classname="com.itsz.springboot.tdd.util.MathUtilTest" time="0.001"/>
  <testcase name="testGenerateEventNumber{int}[301]" classname="com.itsz.springboot.tdd.util.MathUtilTest" time="0"/>
  <testcase name="testGenerateEventNumber{int}[302]" classname="com.itsz.springboot.tdd.util.MathUtilTest" time="0"/>
  <testcase name="testGenerateEventNumber{int}[303]" classname="com.itsz.springboot.tdd.util.MathUtilTest" time="0"/>
  <testcase name="testGenerateEventNumber{int}[304]" classname="com.itsz.springboot.tdd.util.MathUtilTest" time="0"/>
  <testcase name="testGenerateEventNumber{int}[305]" classname="com.itsz.springboot.tdd.util.MathUtilTest" time="0.001"/>
  <testcase name="testGenerateEventNumber{int}[306]" classname="com.itsz.springboot.tdd.util.MathUtilTest" time="0.001"/>
  <testcase name="testGenerateEventNumber{int}[307]" classname="com.itsz.springboot.tdd.util.MathUtilTest" time="0"/>
  <testcase name="testGenerateEventNumber{int}[308]" classname="com.itsz.springboot.tdd.util.MathUtilTest" time="0.001"/>
  <testcase name="testGenerateEventNumber{int}[309]" classname="com.itsz.springboot.tdd.util.MathUtilTest" time="0"/>
  <testcase name="testGenerateEventNumber{int}[310]" classname="com.itsz.springboot.tdd.util.MathUtilTest" time="0.001"/>
  <testcase name="testGenerateEventNumber{int}[311]" classname="com.itsz.springboot.tdd.util.MathUtilTest" time="0"/>
  <testcase name="testGenerateEventNumber{int}[312]" classname="com.itsz.springboot.tdd.util.MathUtilTest" time="0.001"/>
  <testcase name="testGenerateEventNumber{int}[313]" classname="com.itsz.springboot.tdd.util.MathUtilTest" time="0"/>
  <testcase name="testGenerateEventNumber{int}[314]" classname="com.itsz.springboot.tdd.util.MathUtilTest" time="0"/>
  <testcase name="testGenerateEventNumber{int}[315]" classname="com.itsz.springboot.tdd.util.MathUtilTest" time="0"/>
  <testcase name="testGenerateEventNumber{int}[316]" classname="com.itsz.springboot.tdd.util.MathUtilTest" time="0"/>
  <testcase name="testGenerateEventNumber{int}[317]" classname="com.itsz.springboot.tdd.util.MathUtilTest" time="0"/>
  <testcase name="testGenerateEventNumber{int}[318]" classname="com.itsz.springboot.tdd.util.MathUtilTest" time="0.001"/>
  <testcase name="testGenerateEventNumber{int}[319]" classname="com.itsz.springboot.tdd.util.MathUtilTest" time="0"/>
  <testcase name="testGenerateEventNumber{int}[320]" classname="com.itsz.springboot.tdd.util.MathUtilTest" time="0"/>
  <testcase name="testGenerateEventNumber{int}[321]" classname="com.itsz.springboot.tdd.util.MathUtilTest" time="0.001"/>
  <testcase name="testGenerateEventNumber{int}[322]" classname="com.itsz.springboot.tdd.util.MathUtilTest" time="0"/>
  <testcase name="testGenerateEventNumber{int}[323]" classname="com.itsz.springboot.tdd.util.MathUtilTest" time="0"/>
  <testcase name="testGenerateEventNumber{int}[324]" classname="com.itsz.springboot.tdd.util.MathUtilTest" time="0.001"/>
  <testcase name="testGenerateEventNumber{int}[325]" classname="com.itsz.springboot.tdd.util.MathUtilTest" time="0"/>
  <testcase name="testGenerateEventNumber{int}[326]" classname="com.itsz.springboot.tdd.util.MathUtilTest" time="0"/>
  <testcase name="testGenerateEventNumber{int}[327]" classname="com.itsz.springboot.tdd.util.MathUtilTest" time="0"/>
  <testcase name="testGenerateEventNumber{int}[328]" classname="com.itsz.springboot.tdd.util.MathUtilTest" time="0"/>
  <testcase name="testGenerateEventNumber{int}[329]" classname="com.itsz.springboot.tdd.util.MathUtilTest" time="0"/>
  <testcase name="testGenerateEventNumber{int}[330]" classname="com.itsz.springboot.tdd.util.MathUtilTest" time="0.019"/>
  <testcase name="testGenerateEventNumber{int}[331]" classname="com.itsz.springboot.tdd.util.MathUtilTest" time="0"/>
  <testcase name="testGenerateEventNumber{int}[332]" classname="com.itsz.springboot.tdd.util.MathUtilTest" time="0"/>
  <testcase name="testGenerateEventNumber{int}[333]" classname="com.itsz.springboot.tdd.util.MathUtilTest" time="0"/>
  <testcase name="testGenerateEventNumber{int}[334]" classname="com.itsz.springboot.tdd.util.MathUtilTest" time="0"/>
  <testcase name="testGenerateEventNumber{int}[335]" classname="com.itsz.springboot.tdd.util.MathUtilTest" time="0"/>
  <testcase name="testGenerateEventNumber{int}[336]" classname="com.itsz.springboot.tdd.util.MathUtilTest" time="0"/>
  <testcase name="testGenerateEventNumber{int}[337]" classname="com.itsz.springboot.tdd.util.MathUtilTest" time="0.001"/>
  <testcase name="testGenerateEventNumber{int}[338]" classname="com.itsz.springboot.tdd.util.MathUtilTest" time="0"/>
  <testcase name="testGenerateEventNumber{int}[339]" classname="com.itsz.springboot.tdd.util.MathUtilTest" time="0.001"/>
  <testcase name="testGenerateEventNumber{int}[340]" classname="com.itsz.springboot.tdd.util.MathUtilTest" time="0.001"/>
  <testcase name="testGenerateEventNumber{int}[341]" classname="com.itsz.springboot.tdd.util.MathUtilTest" time="0"/>
  <testcase name="testGenerateEventNumber{int}[342]" classname="com.itsz.springboot.tdd.util.MathUtilTest" time="0.001"/>
  <testcase name="testGenerateEventNumber{int}[343]" classname="com.itsz.springboot.tdd.util.MathUtilTest" time="0"/>
  <testcase name="testGenerateEventNumber{int}[344]" classname="com.itsz.springboot.tdd.util.MathUtilTest" time="0"/>
  <testcase name="testGenerateEventNumber{int}[345]" classname="com.itsz.springboot.tdd.util.MathUtilTest" time="0"/>
  <testcase name="testGenerateEventNumber{int}[346]" classname="com.itsz.springboot.tdd.util.MathUtilTest" time="0.001"/>
  <testcase name="testGenerateEventNumber{int}[347]" classname="com.itsz.springboot.tdd.util.MathUtilTest" time="0.001"/>
  <testcase name="testGenerateEventNumber{int}[348]" classname="com.itsz.springboot.tdd.util.MathUtilTest" time="0.001"/>
  <testcase name="testGenerateEventNumber{int}[349]" classname="com.itsz.springboot.tdd.util.MathUtilTest" time="0.001"/>
  <testcase name="testGenerateEventNumber{int}[350]" classname="com.itsz.springboot.tdd.util.MathUtilTest" time="0.002"/>
  <testcase name="testGenerateEventNumber{int}[351]" classname="com.itsz.springboot.tdd.util.MathUtilTest" time="0"/>
  <testcase name="testGenerateEventNumber{int}[352]" classname="com.itsz.springboot.tdd.util.MathUtilTest" time="0"/>
  <testcase name="testGenerateEventNumber{int}[353]" classname="com.itsz.springboot.tdd.util.MathUtilTest" time="0"/>
  <testcase name="testGenerateEventNumber{int}[354]" classname="com.itsz.springboot.tdd.util.MathUtilTest" time="0"/>
  <testcase name="testGenerateEventNumber{int}[355]" classname="com.itsz.springboot.tdd.util.MathUtilTest" time="0"/>
  <testcase name="testGenerateEventNumber{int}[356]" classname="com.itsz.springboot.tdd.util.MathUtilTest" time="0.001"/>
  <testcase name="testGenerateEventNumber{int}[357]" classname="com.itsz.springboot.tdd.util.MathUtilTest" time="0.001"/>
  <testcase name="testGenerateEventNumber{int}[358]" classname="com.itsz.springboot.tdd.util.MathUtilTest" time="0.001"/>
  <testcase name="testGenerateEventNumber{int}[359]" classname="com.itsz.springboot.tdd.util.MathUtilTest" time="0.001"/>
  <testcase name="testGenerateEventNumber{int}[360]" classname="com.itsz.springboot.tdd.util.MathUtilTest" time="0.001"/>
  <testcase name="testGenerateEventNumber{int}[361]" classname="com.itsz.springboot.tdd.util.MathUtilTest" time="0"/>
  <testcase name="testGenerateEventNumber{int}[362]" classname="com.itsz.springboot.tdd.util.MathUtilTest" time="0"/>
  <testcase name="testGenerateEventNumber{int}[363]" classname="com.itsz.springboot.tdd.util.MathUtilTest" time="0"/>
  <testcase name="testGenerateEventNumber{int}[364]" classname="com.itsz.springboot.tdd.util.MathUtilTest" time="0.001"/>
  <testcase name="testGenerateEventNumber{int}[365]" classname="com.itsz.springboot.tdd.util.MathUtilTest" time="0"/>
  <testcase name="testGenerateEventNumber{int}[366]" classname="com.itsz.springboot.tdd.util.MathUtilTest" time="0"/>
  <testcase name="testGenerateEventNumber{int}[367]" classname="com.itsz.springboot.tdd.util.MathUtilTest" time="0.002"/>
  <testcase name="testGenerateEventNumber{int}[368]" classname="com.itsz.springboot.tdd.util.MathUtilTest" time="0"/>
  <testcase name="testGenerateEventNumber{int}[369]" classname="com.itsz.springboot.tdd.util.MathUtilTest" time="0"/>
  <testcase name="testGenerateEventNumber{int}[370]" classname="com.itsz.springboot.tdd.util.MathUtilTest" time="0"/>
  <testcase name="testGenerateEventNumber{int}[371]" classname="com.itsz.springboot.tdd.util.MathUtilTest" time="0.001"/>
  <testcase name="testGenerateEventNumber{int}[372]" classname="com.itsz.springboot.tdd.util.MathUtilTest" time="0"/>
  <testcase name="testGenerateEventNumber{int}[373]" classname="com.itsz.springboot.tdd.util.MathUtilTest" time="0"/>
  <testcase name="testGenerateEventNumber{int}[374]" classname="com.itsz.springboot.tdd.util.MathUtilTest" time="0"/>
  <testcase name="testGenerateEventNumber{int}[375]" classname="com.itsz.springboot.tdd.util.MathUtilTest" time="0.001"/>
  <testcase name="testGenerateEventNumber{int}[376]" classname="com.itsz.springboot.tdd.util.MathUtilTest" time="0.001"/>
  <testcase name="testGenerateEventNumber{int}[377]" classname="com.itsz.springboot.tdd.util.MathUtilTest" time="0"/>
  <testcase name="testGenerateEventNumber{int}[378]" classname="com.itsz.springboot.tdd.util.MathUtilTest" time="0"/>
  <testcase name="testGenerateEventNumber{int}[379]" classname="com.itsz.springboot.tdd.util.MathUtilTest" time="0"/>
  <testcase name="testGenerateEventNumber{int}[380]" classname="com.itsz.springboot.tdd.util.MathUtilTest" time="0"/>
  <testcase name="testGenerateEventNumber{int}[381]" classname="com.itsz.springboot.tdd.util.MathUtilTest" time="0"/>
  <testcase name="testGenerateEventNumber{int}[382]" classname="com.itsz.springboot.tdd.util.MathUtilTest" time="0"/>
  <testcase name="testGenerateEventNumber{int}[383]" classname="com.itsz.springboot.tdd.util.MathUtilTest" time="0.001"/>
  <testcase name="testGenerateEventNumber{int}[384]" classname="com.itsz.springboot.tdd.util.MathUtilTest" time="0.001"/>
  <testcase name="testGenerateEventNumber{int}[385]" classname="com.itsz.springboot.tdd.util.MathUtilTest" time="0"/>
  <testcase name="testGenerateEventNumber{int}[386]" classname="com.itsz.springboot.tdd.util.MathUtilTest" time="0"/>
  <testcase name="testGenerateEventNumber{int}[387]" classname="com.itsz.springboot.tdd.util.MathUtilTest" time="0"/>
  <testcase name="testGenerateEventNumber{int}[388]" classname="com.itsz.springboot.tdd.util.MathUtilTest" time="0"/>
  <testcase name="testGenerateEventNumber{int}[389]" classname="com.itsz.springboot.tdd.util.MathUtilTest" time="0"/>
  <testcase name="testGenerateEventNumber{int}[390]" classname="com.itsz.springboot.tdd.util.MathUtilTest" time="0"/>
  <testcase name="testGenerateEventNumber{int}[391]" classname="com.itsz.springboot.tdd.util.MathUtilTest" time="0"/>
  <testcase name="testGenerateEventNumber{int}[392]" classname="com.itsz.springboot.tdd.util.MathUtilTest" time="0"/>
  <testcase name="testGenerateEventNumber{int}[393]" classname="com.itsz.springboot.tdd.util.MathUtilTest" time="0"/>
  <testcase name="testGenerateEventNumber{int}[394]" classname="com.itsz.springboot.tdd.util.MathUtilTest" time="0"/>
  <testcase name="testGenerateEventNumber{int}[395]" classname="com.itsz.springboot.tdd.util.MathUtilTest" time="0"/>
  <testcase name="testGenerateEventNumber{int}[396]" classname="com.itsz.springboot.tdd.util.MathUtilTest" time="0"/>
  <testcase name="testGenerateEventNumber{int}[397]" classname="com.itsz.springboot.tdd.util.MathUtilTest" time="0"/>
  <testcase name="testGenerateEventNumber{int}[398]" classname="com.itsz.springboot.tdd.util.MathUtilTest" time="0"/>
  <testcase name="testGenerateEventNumber{int}[399]" classname="com.itsz.springboot.tdd.util.MathUtilTest" time="0.001"/>
  <testcase name="testGenerateEventNumber{int}[400]" classname="com.itsz.springboot.tdd.util.MathUtilTest" time="0.001"/>
  <testcase name="testGenerateEventNumber{int}[401]" classname="com.itsz.springboot.tdd.util.MathUtilTest" time="0"/>
  <testcase name="testGenerateEventNumber{int}[402]" classname="com.itsz.springboot.tdd.util.MathUtilTest" time="0.001"/>
  <testcase name="testGenerateEventNumber{int}[403]" classname="com.itsz.springboot.tdd.util.MathUtilTest" time="0.001"/>
  <testcase name="testGenerateEventNumber{int}[404]" classname="com.itsz.springboot.tdd.util.MathUtilTest" time="0.001"/>
  <testcase name="testGenerateEventNumber{int}[405]" classname="com.itsz.springboot.tdd.util.MathUtilTest" time="0"/>
  <testcase name="testGenerateEventNumber{int}[406]" classname="com.itsz.springboot.tdd.util.MathUtilTest" time="0"/>
  <testcase name="testGenerateEventNumber{int}[407]" classname="com.itsz.springboot.tdd.util.MathUtilTest" time="0"/>
  <testcase name="testGenerateEventNumber{int}[408]" classname="com.itsz.springboot.tdd.util.MathUtilTest" time="0"/>
  <testcase name="testGenerateEventNumber{int}[409]" classname="com.itsz.springboot.tdd.util.MathUtilTest" time="0"/>
  <testcase name="testGenerateEventNumber{int}[410]" classname="com.itsz.springboot.tdd.util.MathUtilTest" time="0"/>
  <testcase name="testGenerateEventNumber{int}[411]" classname="com.itsz.springboot.tdd.util.MathUtilTest" time="0"/>
  <testcase name="testGenerateEventNumber{int}[412]" classname="com.itsz.springboot.tdd.util.MathUtilTest" time="0"/>
  <testcase name="testGenerateEventNumber{int}[413]" classname="com.itsz.springboot.tdd.util.MathUtilTest" time="0"/>
  <testcase name="testGenerateEventNumber{int}[414]" classname="com.itsz.springboot.tdd.util.MathUtilTest" time="0.001"/>
  <testcase name="testGenerateEventNumber{int}[415]" classname="com.itsz.springboot.tdd.util.MathUtilTest" time="0"/>
  <testcase name="testGenerateEventNumber{int}[416]" classname="com.itsz.springboot.tdd.util.MathUtilTest" time="0"/>
  <testcase name="testGenerateEventNumber{int}[417]" classname="com.itsz.springboot.tdd.util.MathUtilTest" time="0"/>
  <testcase name="testGenerateEventNumber{int}[418]" classname="com.itsz.springboot.tdd.util.MathUtilTest" time="0"/>
  <testcase name="testGenerateEventNumber{int}[419]" classname="com.itsz.springboot.tdd.util.MathUtilTest" time="0"/>
  <testcase name="testGenerateEventNumber{int}[420]" classname="com.itsz.springboot.tdd.util.MathUtilTest" time="0"/>
  <testcase name="testGenerateEventNumber{int}[421]" classname="com.itsz.springboot.tdd.util.MathUtilTest" time="0.001"/>
  <testcase name="testGenerateEventNumber{int}[422]" classname="com.itsz.springboot.tdd.util.MathUtilTest" time="0.001"/>
  <testcase name="testGenerateEventNumber{int}[423]" classname="com.itsz.springboot.tdd.util.MathUtilTest" time="0"/>
  <testcase name="testGenerateEventNumber{int}[424]" classname="com.itsz.springboot.tdd.util.MathUtilTest" time="0"/>
  <testcase name="testGenerateEventNumber{int}[425]" classname="com.itsz.springboot.tdd.util.MathUtilTest" time="0"/>
  <testcase name="testGenerateEventNumber{int}[426]" classname="com.itsz.springboot.tdd.util.MathUtilTest" time="0"/>
  <testcase name="testGenerateEventNumber{int}[427]" classname="com.itsz.springboot.tdd.util.MathUtilTest" time="0.001"/>
  <testcase name="testGenerateEventNumber{int}[428]" classname="com.itsz.springboot.tdd.util.MathUtilTest" time="0"/>
  <testcase name="testGenerateEventNumber{int}[429]" classname="com.itsz.springboot.tdd.util.MathUtilTest" time="0.001"/>
  <testcase name="testGenerateEventNumber{int}[430]" classname="com.itsz.springboot.tdd.util.MathUtilTest" time="0"/>
  <testcase name="testGenerateEventNumber{int}[431]" classname="com.itsz.springboot.tdd.util.MathUtilTest" time="0.001"/>
  <testcase name="testGenerateEventNumber{int}[432]" classname="com.itsz.springboot.tdd.util.MathUtilTest" time="0"/>
  <testcase name="testGenerateEventNumber{int}[433]" classname="com.itsz.springboot.tdd.util.MathUtilTest" time="0.001"/>
  <testcase name="testGenerateEventNumber{int}[434]" classname="com.itsz.springboot.tdd.util.MathUtilTest" time="0"/>
  <testcase name="testGenerateEventNumber{int}[435]" classname="com.itsz.springboot.tdd.util.MathUtilTest" time="0"/>
  <testcase name="testGenerateEventNumber{int}[436]" classname="com.itsz.springboot.tdd.util.MathUtilTest" time="0"/>
  <testcase name="testGenerateEventNumber{int}[437]" classname="com.itsz.springboot.tdd.util.MathUtilTest" time="0"/>
  <testcase name="testGenerateEventNumber{int}[438]" classname="com.itsz.springboot.tdd.util.MathUtilTest" time="0.001"/>
  <testcase name="testGenerateEventNumber{int}[439]" classname="com.itsz.springboot.tdd.util.MathUtilTest" time="0"/>
  <testcase name="testGenerateEventNumber{int}[440]" classname="com.itsz.springboot.tdd.util.MathUtilTest" time="0.001"/>
  <testcase name="testGenerateEventNumber{int}[441]" classname="com.itsz.springboot.tdd.util.MathUtilTest" time="0"/>
  <testcase name="testGenerateEventNumber{int}[442]" classname="com.itsz.springboot.tdd.util.MathUtilTest" time="0"/>
  <testcase name="testGenerateEventNumber{int}[443]" classname="com.itsz.springboot.tdd.util.MathUtilTest" time="0"/>
  <testcase name="testGenerateEventNumber{int}[444]" classname="com.itsz.springboot.tdd.util.MathUtilTest" time="0"/>
  <testcase name="testGenerateEventNumber{int}[445]" classname="com.itsz.springboot.tdd.util.MathUtilTest" time="0.001"/>
  <testcase name="testGenerateEventNumber{int}[446]" classname="com.itsz.springboot.tdd.util.MathUtilTest" time="0"/>
  <testcase name="testGenerateEventNumber{int}[447]" classname="com.itsz.springboot.tdd.util.MathUtilTest" time="0"/>
  <testcase name="testGenerateEventNumber{int}[448]" classname="com.itsz.springboot.tdd.util.MathUtilTest" time="0"/>
  <testcase name="testGenerateEventNumber{int}[449]" classname="com.itsz.springboot.tdd.util.MathUtilTest" time="0.001"/>
  <testcase name="testGenerateEventNumber{int}[450]" classname="com.itsz.springboot.tdd.util.MathUtilTest" time="0"/>
  <testcase name="testGenerateEventNumber{int}[451]" classname="com.itsz.springboot.tdd.util.MathUtilTest" time="0"/>
  <testcase name="testGenerateEventNumber{int}[452]" classname="com.itsz.springboot.tdd.util.MathUtilTest" time="0"/>
  <testcase name="testGenerateEventNumber{int}[453]" classname="com.itsz.springboot.tdd.util.MathUtilTest" time="0"/>
  <testcase name="testGenerateEventNumber{int}[454]" classname="com.itsz.springboot.tdd.util.MathUtilTest" time="0"/>
  <testcase name="testGenerateEventNumber{int}[455]" classname="com.itsz.springboot.tdd.util.MathUtilTest" time="0"/>
  <testcase name="testGenerateEventNumber{int}[456]" classname="com.itsz.springboot.tdd.util.MathUtilTest" time="0"/>
  <testcase name="testGenerateEventNumber{int}[457]" classname="com.itsz.springboot.tdd.util.MathUtilTest" time="0"/>
  <testcase name="testGenerateEventNumber{int}[458]" classname="com.itsz.springboot.tdd.util.MathUtilTest" time="0"/>
  <testcase name="testGenerateEventNumber{int}[459]" classname="com.itsz.springboot.tdd.util.MathUtilTest" time="0"/>
  <testcase name="testGenerateEventNumber{int}[460]" classname="com.itsz.springboot.tdd.util.MathUtilTest" time="0"/>
  <testcase name="testGenerateEventNumber{int}[461]" classname="com.itsz.springboot.tdd.util.MathUtilTest" time="0"/>
  <testcase name="testGenerateEventNumber{int}[462]" classname="com.itsz.springboot.tdd.util.MathUtilTest" time="0"/>
  <testcase name="testGenerateEventNumber{int}[463]" classname="com.itsz.springboot.tdd.util.MathUtilTest" time="0"/>
  <testcase name="testGenerateEventNumber{int}[464]" classname="com.itsz.springboot.tdd.util.MathUtilTest" time="0"/>
  <testcase name="testGenerateEventNumber{int}[465]" classname="com.itsz.springboot.tdd.util.MathUtilTest" time="0"/>
  <testcase name="testGenerateEventNumber{int}[466]" classname="com.itsz.springboot.tdd.util.MathUtilTest" time="0"/>
  <testcase name="testGenerateEventNumber{int}[467]" classname="com.itsz.springboot.tdd.util.MathUtilTest" time="0"/>
  <testcase name="testGenerateEventNumber{int}[468]" classname="com.itsz.springboot.tdd.util.MathUtilTest" time="0"/>
  <testcase name="testGenerateEventNumber{int}[469]" classname="com.itsz.springboot.tdd.util.MathUtilTest" time="0.001"/>
  <testcase name="testGenerateEventNumber{int}[470]" classname="com.itsz.springboot.tdd.util.MathUtilTest" time="0"/>
  <testcase name="testGenerateEventNumber{int}[471]" classname="com.itsz.springboot.tdd.util.MathUtilTest" time="0"/>
  <testcase name="testGenerateEventNumber{int}[472]" classname="com.itsz.springboot.tdd.util.MathUtilTest" time="0"/>
  <testcase name="testGenerateEventNumber{int}[473]" classname="com.itsz.springboot.tdd.util.MathUtilTest" time="0"/>
  <testcase name="testGenerateEventNumber{int}[474]" classname="com.itsz.springboot.tdd.util.MathUtilTest" time="0"/>
  <testcase name="testGenerateEventNumber{int}[475]" classname="com.itsz.springboot.tdd.util.MathUtilTest" time="0"/>
  <testcase name="testGenerateEventNumber{int}[476]" classname="com.itsz.springboot.tdd.util.MathUtilTest" time="0"/>
  <testcase name="testGenerateEventNumber{int}[477]" classname="com.itsz.springboot.tdd.util.MathUtilTest" time="0"/>
  <testcase name="testGenerateEventNumber{int}[478]" classname="com.itsz.springboot.tdd.util.MathUtilTest" time="0"/>
  <testcase name="testGenerateEventNumber{int}[479]" classname="com.itsz.springboot.tdd.util.MathUtilTest" time="0"/>
  <testcase name="testGenerateEventNumber{int}[480]" classname="com.itsz.springboot.tdd.util.MathUtilTest" time="0"/>
  <testcase name="testGenerateEventNumber{int}[481]" classname="com.itsz.springboot.tdd.util.MathUtilTest" time="0"/>
  <testcase name="testGenerateEventNumber{int}[482]" classname="com.itsz.springboot.tdd.util.MathUtilTest" time="0"/>
  <testcase name="testGenerateEventNumber{int}[483]" classname="com.itsz.springboot.tdd.util.MathUtilTest" time="0"/>
  <testcase name="testGenerateEventNumber{int}[484]" classname="com.itsz.springboot.tdd.util.MathUtilTest" time="0"/>
  <testcase name="testGenerateEventNumber{int}[485]" classname="com.itsz.springboot.tdd.util.MathUtilTest" time="0.001"/>
  <testcase name="testGenerateEventNumber{int}[486]" classname="com.itsz.springboot.tdd.util.MathUtilTest" time="0"/>
  <testcase name="testGenerateEventNumber{int}[487]" classname="com.itsz.springboot.tdd.util.MathUtilTest" time="0"/>
  <testcase name="testGenerateEventNumber{int}[488]" classname="com.itsz.springboot.tdd.util.MathUtilTest" time="0.001"/>
  <testcase name="testGenerateEventNumber{int}[489]" classname="com.itsz.springboot.tdd.util.MathUtilTest" time="0"/>
  <testcase name="testGenerateEventNumber{int}[490]" classname="com.itsz.springboot.tdd.util.MathUtilTest" time="0"/>
  <testcase name="testGenerateEventNumber{int}[491]" classname="com.itsz.springboot.tdd.util.MathUtilTest" time="0"/>
  <testcase name="testGenerateEventNumber{int}[492]" classname="com.itsz.springboot.tdd.util.MathUtilTest" time="0"/>
  <testcase name="testGenerateEventNumber{int}[493]" classname="com.itsz.springboot.tdd.util.MathUtilTest" time="0"/>
  <testcase name="testGenerateEventNumber{int}[494]" classname="com.itsz.springboot.tdd.util.MathUtilTest" time="0"/>
  <testcase name="testGenerateEventNumber{int}[495]" classname="com.itsz.springboot.tdd.util.MathUtilTest" time="0.001"/>
  <testcase name="testGenerateEventNumber{int}[496]" classname="com.itsz.springboot.tdd.util.MathUtilTest" time="0"/>
  <testcase name="testGenerateEventNumber{int}[497]" classname="com.itsz.springboot.tdd.util.MathUtilTest" time="0"/>
  <testcase name="testGenerateEventNumber{int}[498]" classname="com.itsz.springboot.tdd.util.MathUtilTest" time="0"/>
  <testcase name="testGenerateEventNumber{int}[499]" classname="com.itsz.springboot.tdd.util.MathUtilTest" time="0"/>
  <testcase name="testGenerateEventNumber{int}[500]" classname="com.itsz.springboot.tdd.util.MathUtilTest" time="0"/>
  <testcase name="testIsEvenNumber[1]" classname="com.itsz.springboot.tdd.util.MathUtilTest" time="0.002"/>
  <testcase name="testIsEvenNumber[2]" classname="com.itsz.springboot.tdd.util.MathUtilTest" time="0.001"/>
  <testcase name="testIsEvenNumber[3]" classname="com.itsz.springboot.tdd.util.MathUtilTest" time="0"/>
  <testcase name="testIsEvenNumber[4]" classname="com.itsz.springboot.tdd.util.MathUtilTest" time="0"/>
  <testcase name="testIsEvenNumber[5]" classname="com.itsz.springboot.tdd.util.MathUtilTest" time="0"/>
  <testcase name="testConvertToDecimal" classname="com.itsz.springboot.tdd.util.MathUtilTest" time="0.001"/>
</testsuite>